Staring Time: Wed Mar 11 08:37:44 -03 2026
Root directory /home/lovelace/proj/proj877/gmello/msc_codes/finetuning
Node: adagp03
Running python script
>>> Running Task: assin-rte
>>> Loading Dataset
DatasetDict({
    train: Dataset({
        features: ['text', 'text_pair', 'label'],
        num_rows: 5000
    })
    test: Dataset({
        features: ['text', 'text_pair', 'label'],
        num_rows: 4000
    })
    validation: Dataset({
        features: ['text', 'text_pair', 'label'],
        num_rows: 1000
    })
})
>>> Dataset Tokenization
BertTokenizerFast(name_or_path='neuralmind/bert-large-portuguese-cased', vocab_size=29794, model_max_length=1000000000000000019884624838656, is_fast=True, padding_side='right', truncation_side='right', special_tokens={'unk_token': '[UNK]', 'sep_token': '[SEP]', 'pad_token': '[PAD]', 'cls_token': '[CLS]', 'mask_token': '[MASK]'}, clean_up_tokenization_spaces=True, added_tokens_decoder={
	0: AddedToken("[PAD]", rstrip=False, lstrip=False, single_word=False, normalized=False, special=True),
	100: AddedToken("[UNK]", rstrip=False, lstrip=False, single_word=False, normalized=False, special=True),
	101: AddedToken("[CLS]", rstrip=False, lstrip=False, single_word=False, normalized=False, special=True),
	102: AddedToken("[SEP]", rstrip=False, lstrip=False, single_word=False, normalized=False, special=True),
	103: AddedToken("[MASK]", rstrip=False, lstrip=False, single_word=False, normalized=False, special=True),
}
)
DatasetDict({
    train: Dataset({
        features: ['label', 'input_ids', 'token_type_ids', 'attention_mask'],
        num_rows: 5000
    })
    test: Dataset({
        features: ['label', 'input_ids', 'token_type_ids', 'attention_mask'],
        num_rows: 4000
    })
    validation: Dataset({
        features: ['label', 'input_ids', 'token_type_ids', 'attention_mask'],
        num_rows: 1000
    })
})
>>> Hyperparameter Search
Initializing seed model
=== Trial 0 ========================================
Running with hyperparameters: {
	learning_rate: 5e-05
	batch_size: 16
}
{'epoch': 1, 'loss': 0.3497533452272415, 'val_loss': 0.42356026911735534, 'val_f1': 0.6398578793925794, 'val_accuracy': 0.819}
{'epoch': 2, 'loss': 0.11997570618391037, 'val_loss': 0.2777339642047882, 'val_f1': 0.8093509845072778, 'val_accuracy': 0.893}
{'epoch': 3, 'loss': 0.050027192240394654, 'val_loss': 0.3319863848760724, 'val_f1': 0.8269875478927203, 'val_accuracy': 0.896}
{'epoch': 4, 'loss': 0.005045563187077642, 'val_loss': 0.2951807510154322, 'val_f1': 0.8357531432533251, 'val_accuracy': 0.911}
{'epoch': 5, 'loss': 0.002098486058227718, 'val_loss': 0.3084291846025735, 'val_f1': 0.8488883286194486, 'val_accuracy': 0.921}
=== Trial 1 ========================================
Running with hyperparameters: {
	learning_rate: 0.005
	batch_size: 16
}
{'epoch': 1, 'loss': 0.9101219044685364, 'val_loss': 0.9401541357040405, 'val_f1': 0.2795199380565234, 'val_accuracy': 0.722}
{'epoch': 2, 'loss': 1.204414863061905, 'val_loss': 1.226362594127655, 'val_f1': 0.2795199380565234, 'val_accuracy': 0.722}
{'epoch': 3, 'loss': 0.8813209190130233, 'val_loss': 0.9218423184156418, 'val_f1': 0.2795199380565234, 'val_accuracy': 0.722}
{'epoch': 4, 'loss': 0.8598785336494446, 'val_loss': 0.872308922290802, 'val_f1': 0.2795199380565234, 'val_accuracy': 0.722}
{'epoch': 5, 'loss': 0.7370639161109924, 'val_loss': 0.7611412053108215, 'val_f1': 0.2795199380565234, 'val_accuracy': 0.722}
=== Trial 2 ========================================
Running with hyperparameters: {
	learning_rate: 5e-05
	batch_size: 32
}
{'epoch': 1, 'loss': 0.1854289070427418, 'val_loss': 0.27726230227947235, 'val_f1': 0.5777063499029057, 'val_accuracy': 0.884}
{'epoch': 2, 'loss': 0.05749697653353214, 'val_loss': 0.24505030223727226, 'val_f1': 0.820002483122907, 'val_accuracy': 0.915}
{'epoch': 3, 'loss': 0.017132545706629754, 'val_loss': 0.27510465222783387, 'val_f1': 0.8202180500869639, 'val_accuracy': 0.912}
{'epoch': 4, 'loss': 0.0036367404989898207, 'val_loss': 0.27655363026447594, 'val_f1': 0.8737632716964212, 'val_accuracy': 0.932}
{'epoch': 5, 'loss': 0.002791129337437451, 'val_loss': 0.3135377566483803, 'val_f1': 0.8361818625995117, 'val_accuracy': 0.922}
=== Trial 3 ========================================
Running with hyperparameters: {
	learning_rate: 5e-05
	batch_size: 16
}
{'epoch': 1, 'loss': 0.743274990940094, 'val_loss': 0.7762154712677002, 'val_f1': 0.2795199380565234, 'val_accuracy': 0.722}
{'epoch': 2, 'loss': 0.7348711624145507, 'val_loss': 0.761271184682846, 'val_f1': 0.2795199380565234, 'val_accuracy': 0.722}
{'epoch': 3, 'loss': 0.724423422718048, 'val_loss': 0.7513027663230896, 'val_f1': 0.2795199380565234, 'val_accuracy': 0.722}
{'epoch': 4, 'loss': 0.7241570652961731, 'val_loss': 0.7499457764625549, 'val_f1': 0.2795199380565234, 'val_accuracy': 0.722}
{'epoch': 5, 'loss': 0.7244833903312683, 'val_loss': 0.7513367915153504, 'val_f1': 0.2795199380565234, 'val_accuracy': 0.722}
=== Trial 4 ========================================
Running with hyperparameters: {
	learning_rate: 5e-05
	batch_size: 8
}
{'epoch': 1, 'loss': 0.46235935753583907, 'val_loss': 0.5167321783304214, 'val_f1': 0.511134368879724, 'val_accuracy': 0.792}
{'epoch': 2, 'loss': 0.15703383191749454, 'val_loss': 0.30449152037501337, 'val_f1': 0.8121615567967501, 'val_accuracy': 0.877}
{'epoch': 3, 'loss': 0.03946954459734261, 'val_loss': 0.3208313861545175, 'val_f1': 0.8201873747506202, 'val_accuracy': 0.909}
{'epoch': 4, 'loss': 0.01616532210111618, 'val_loss': 0.296027056879364, 'val_f1': 0.8523108944301147, 'val_accuracy': 0.919}
{'epoch': 5, 'loss': 0.005766641490068287, 'val_loss': 0.3025864377641119, 'val_f1': 0.8696971340342751, 'val_accuracy': 0.924}
=== Trial 5 ========================================
Running with hyperparameters: {
	learning_rate: 0.0005
	batch_size: 32
}
{'epoch': 1, 'loss': 0.7347844478607177, 'val_loss': 0.7553464818000794, 'val_f1': 0.2795199380565234, 'val_accuracy': 0.722}
{'epoch': 2, 'loss': 0.724036561870575, 'val_loss': 0.7485210070610047, 'val_f1': 0.2795199380565234, 'val_accuracy': 0.722}
{'epoch': 3, 'loss': 0.7346003660202026, 'val_loss': 0.7642612547874451, 'val_f1': 0.2795199380565234, 'val_accuracy': 0.722}
{'epoch': 4, 'loss': 0.7239386773109436, 'val_loss': 0.7498903827667236, 'val_f1': 0.2795199380565234, 'val_accuracy': 0.722}
{'epoch': 5, 'loss': 0.7237878414154053, 'val_loss': 0.7490849552154542, 'val_f1': 0.2795199380565234, 'val_accuracy': 0.722}
=== Trial 6 ========================================
Running with hyperparameters: {
	learning_rate: 5e-06
	batch_size: 16
}
{'epoch': 1, 'loss': 0.2865062595129013, 'val_loss': 0.37151235151290896, 'val_f1': 0.5465828031617505, 'val_accuracy': 0.855}
{'epoch': 2, 'loss': 0.1555752500295639, 'val_loss': 0.30135993200540545, 'val_f1': 0.7644536310240664, 'val_accuracy': 0.889}
{'epoch': 3, 'loss': 0.0922270918995142, 'val_loss': 0.28321351447701454, 'val_f1': 0.8302464784817726, 'val_accuracy': 0.908}
{'epoch': 4, 'loss': 0.05944735024124384, 'val_loss': 0.2997559874653816, 'val_f1': 0.8330665575405339, 'val_accuracy': 0.91}
{'epoch': 5, 'loss': 0.04938149789273739, 'val_loss': 0.30529740715026854, 'val_f1': 0.836085373428303, 'val_accuracy': 0.913}
=== Trial 7 ========================================
Running with hyperparameters: {
	learning_rate: 0.005
	batch_size: 32
}
{'epoch': 1, 'loss': 0.7788505752563477, 'val_loss': 0.804735239982605, 'val_f1': 0.2795199380565234, 'val_accuracy': 0.722}
{'epoch': 2, 'loss': 0.9436236633300781, 'val_loss': 0.9598933629989624, 'val_f1': 0.11479028697571743, 'val_accuracy': 0.208}
{'epoch': 3, 'loss': 0.8383044008255005, 'val_loss': 0.8852581825256348, 'val_f1': 0.2795199380565234, 'val_accuracy': 0.722}
{'epoch': 4, 'loss': 0.7463659942626953, 'val_loss': 0.7808627166748047, 'val_f1': 0.2795199380565234, 'val_accuracy': 0.722}
{'epoch': 5, 'loss': 0.7262655349731445, 'val_loss': 0.7500918378829956, 'val_f1': 0.2795199380565234, 'val_accuracy': 0.722}
=== Trial 8 ========================================
Running with hyperparameters: {
	learning_rate: 0.0005
	batch_size: 32
}
{'epoch': 1, 'loss': 0.7274244407653808, 'val_loss': 0.7507017617225646, 'val_f1': 0.2795199380565234, 'val_accuracy': 0.722}
{'epoch': 2, 'loss': 0.725692896270752, 'val_loss': 0.7538172960281372, 'val_f1': 0.2795199380565234, 'val_accuracy': 0.722}
{'epoch': 3, 'loss': 0.727053171157837, 'val_loss': 0.7497408671379089, 'val_f1': 0.2795199380565234, 'val_accuracy': 0.722}
{'epoch': 4, 'loss': 0.7274674412727355, 'val_loss': 0.7568078007698059, 'val_f1': 0.2795199380565234, 'val_accuracy': 0.722}
{'epoch': 5, 'loss': 0.7239691137313843, 'val_loss': 0.7482582139968872, 'val_f1': 0.2795199380565234, 'val_accuracy': 0.722}
=== Trial 9 ========================================
Running with hyperparameters: {
	learning_rate: 0.005
	batch_size: 16
}
{'epoch': 1, 'loss': 0.7832701541900635, 'val_loss': 0.821013473033905, 'val_f1': 0.2795199380565234, 'val_accuracy': 0.722}
{'epoch': 2, 'loss': 0.812227245426178, 'val_loss': 0.8576518685817719, 'val_f1': 0.2795199380565234, 'val_accuracy': 0.722}
{'epoch': 3, 'loss': 0.7571115027427673, 'val_loss': 0.7961152353286743, 'val_f1': 0.2795199380565234, 'val_accuracy': 0.722}
{'epoch': 4, 'loss': 0.8489050079345704, 'val_loss': 0.885202175617218, 'val_f1': 0.2795199380565234, 'val_accuracy': 0.722}
{'epoch': 5, 'loss': 0.7239879887580871, 'val_loss': 0.7488276724815368, 'val_f1': 0.2795199380565234, 'val_accuracy': 0.722}
=== Trial 10 ========================================
Running with hyperparameters: {
	learning_rate: 5e-06
	batch_size: 8
}
{'epoch': 1, 'loss': 0.2014359493792057, 'val_loss': 0.29186096155643465, 'val_f1': 0.7329181517557292, 'val_accuracy': 0.876}
{'epoch': 2, 'loss': 0.07149359145909548, 'val_loss': 0.23652209690958262, 'val_f1': 0.844342029006682, 'val_accuracy': 0.915}
{'epoch': 3, 'loss': 0.03752336060255766, 'val_loss': 0.27198153261095287, 'val_f1': 0.8322445441882061, 'val_accuracy': 0.908}
{'epoch': 4, 'loss': 0.014014904485829174, 'val_loss': 0.29397180888056756, 'val_f1': 0.8610981191020756, 'val_accuracy': 0.924}
{'epoch': 5, 'loss': 0.011153304859995841, 'val_loss': 0.301519068883732, 'val_f1': 0.8513838875491957, 'val_accuracy': 0.92}
=== Trial 11 ========================================
Running with hyperparameters: {
	learning_rate: 5e-05
	batch_size: 8
}
{'epoch': 1, 'loss': 0.7256744193077087, 'val_loss': 0.7480698084831238, 'val_f1': 0.2795199380565234, 'val_accuracy': 0.722}
{'epoch': 2, 'loss': 0.7276936466217041, 'val_loss': 0.7525062959194183, 'val_f1': 0.2795199380565234, 'val_accuracy': 0.722}
{'epoch': 3, 'loss': 0.7257148561477661, 'val_loss': 0.7481645789146424, 'val_f1': 0.2795199380565234, 'val_accuracy': 0.722}
{'epoch': 4, 'loss': 0.723964775133133, 'val_loss': 0.7500449390411377, 'val_f1': 0.2795199380565234, 'val_accuracy': 0.722}
{'epoch': 5, 'loss': 0.7240393342971801, 'val_loss': 0.7502538168430328, 'val_f1': 0.2795199380565234, 'val_accuracy': 0.722}
=== Results ========================================
>>> Selected Hyperparameters
{'batch_size': 32, 'learning_rate': 5e-05}
>>> Model Finetuning
{'epoch': 1, 'loss': 0.34096898641586304, 'val_loss': 0.4171781139373779, 'val_f1': 0.5465688579579298, 'val_accuracy': 0.836}
{'epoch': 2, 'loss': 0.11147711193561553, 'val_loss': 0.26036331307888033, 'val_f1': 0.8171703256354973, 'val_accuracy': 0.9}
{'epoch': 3, 'loss': 0.027451190591976045, 'val_loss': 0.2770999890230596, 'val_f1': 0.8377126271760282, 'val_accuracy': 0.909}
{'epoch': 4, 'loss': 0.023216670846939087, 'val_loss': 0.3493713468760252, 'val_f1': 0.8350934138256596, 'val_accuracy': 0.896}
{'epoch': 5, 'loss': 0.003412176560983062, 'val_loss': 0.4029569240473211, 'val_f1': 0.8393698966608092, 'val_accuracy': 0.915}
{'epoch': 6, 'loss': 0.0019103468189015985, 'val_loss': 0.41900036455877127, 'val_f1': 0.8442588387109885, 'val_accuracy': 0.917}
{'epoch': 7, 'loss': 0.0011852567589841782, 'val_loss': 0.42739130727946756, 'val_f1': 0.849412053793566, 'val_accuracy': 0.913}
{'epoch': 8, 'loss': 0.0027152739495038985, 'val_loss': 0.3801274136155844, 'val_f1': 0.853663392904673, 'val_accuracy': 0.914}
{'epoch': 9, 'loss': 0.0005581083811819553, 'val_loss': 0.4014067981559783, 'val_f1': 0.8557820855614974, 'val_accuracy': 0.918}
{'epoch': 10, 'loss': 0.0003534249907359481, 'val_loss': 0.4107484553772956, 'val_f1': 0.855810943409813, 'val_accuracy': 0.915}
Best Model Results
{'accuracy': 0.915, 'f1': 0.855810943409813, 'loss': 0.4107484553772956}
Saving model and tokenizer at models/assin-rte/bertimbau-large
>>> Results on Test Dataset
{'accuracy': 0.9095, 'f1': 0.8254884872846873, 'loss': 0.44878055493498686}
Ending Time: Wed Mar 11 11:15:17 -03 2026
