Staring Time: Sat Mar  7 06:49:04 -03 2026
Root directory /home/lovelace/proj/proj877/gmello/msc_codes/finetuning
Node: adagp03
Running python script
>>> Running Task: assin-rte
>>> Loading Dataset
DatasetDict({
    train: Dataset({
        features: ['text', 'text_pair', 'label'],
        num_rows: 5000
    })
    test: Dataset({
        features: ['text', 'text_pair', 'label'],
        num_rows: 4000
    })
    validation: Dataset({
        features: ['text', 'text_pair', 'label'],
        num_rows: 1000
    })
})
>>> Dataset Tokenization
LlamaTokenizerFast(name_or_path='nicholasKluge/TeenyTinyLlama-160m', vocab_size=32000, model_max_length=1000000000000000019884624838656, is_fast=True, padding_side='right', truncation_side='right', special_tokens={'bos_token': '<s>', 'eos_token': '</s>', 'unk_token': '<unk>', 'pad_token': '<pad>'}, clean_up_tokenization_spaces=False, added_tokens_decoder={
	0: AddedToken("<unk>", rstrip=False, lstrip=False, single_word=False, normalized=False, special=True),
	1: AddedToken("<s>", rstrip=False, lstrip=False, single_word=False, normalized=False, special=True),
	2: AddedToken("</s>", rstrip=False, lstrip=False, single_word=False, normalized=False, special=True),
	3: AddedToken("<pad>", rstrip=False, lstrip=False, single_word=False, normalized=False, special=True),
}
)
DatasetDict({
    train: Dataset({
        features: ['label', 'input_ids', 'attention_mask'],
        num_rows: 5000
    })
    test: Dataset({
        features: ['label', 'input_ids', 'attention_mask'],
        num_rows: 4000
    })
    validation: Dataset({
        features: ['label', 'input_ids', 'attention_mask'],
        num_rows: 1000
    })
})
>>> Hyperparameter Search
Initializing seed model
=== Trial 0 ========================================
Running with hyperparameters: {
	learning_rate: 0.0005
	batch_size: 8
}
{'epoch': 1, 'loss': 0.24851173245608807, 'val_loss': 0.5091181482076645, 'val_f1': 0.6287883017564996, 'val_accuracy': 0.798}
{'epoch': 2, 'loss': 0.06141253758519888, 'val_loss': 0.4759948695451021, 'val_f1': 0.6423592005524869, 'val_accuracy': 0.821}
{'epoch': 3, 'loss': 0.012095448641898111, 'val_loss': 0.6107859829105436, 'val_f1': 0.635009787329449, 'val_accuracy': 0.815}
{'epoch': 4, 'loss': 0.0008516130015952513, 'val_loss': 0.8171171117969789, 'val_f1': 0.7228360018440196, 'val_accuracy': 0.827}
{'epoch': 5, 'loss': 8.224841667815781e-05, 'val_loss': 0.8661309361730528, 'val_f1': 0.7136550692106246, 'val_accuracy': 0.835}
=== Trial 1 ========================================
Running with hyperparameters: {
	learning_rate: 0.005
	batch_size: 32
}
{'epoch': 1, 'loss': 0.7216600529670716, 'val_loss': 0.748963355064392, 'val_f1': 0.2795199380565234, 'val_accuracy': 0.722}
{'epoch': 2, 'loss': 0.5331844449520111, 'val_loss': 0.8072348823547363, 'val_f1': 0.3172943210433345, 'val_accuracy': 0.643}
{'epoch': 3, 'loss': 0.27897978649139404, 'val_loss': 1.0746842231750489, 'val_f1': 0.332639374958871, 'val_accuracy': 0.61}
{'epoch': 4, 'loss': 0.17495985692739488, 'val_loss': 1.3227217378616334, 'val_f1': 0.32509594396259633, 'val_accuracy': 0.594}
{'epoch': 5, 'loss': 0.0999060807466507, 'val_loss': 1.720071336746216, 'val_f1': 0.3420731939918829, 'val_accuracy': 0.595}
=== Trial 2 ========================================
Running with hyperparameters: {
	learning_rate: 0.005
	batch_size: 32
}
{'epoch': 1, 'loss': 0.7279044922828675, 'val_loss': 0.7580722999572754, 'val_f1': 0.2795199380565234, 'val_accuracy': 0.722}
{'epoch': 2, 'loss': 0.5086810806274414, 'val_loss': 0.8237670955657959, 'val_f1': 0.28837991940324104, 'val_accuracy': 0.72}
{'epoch': 3, 'loss': 0.31892573041915895, 'val_loss': 0.9462125492095947, 'val_f1': 0.32812124068918447, 'val_accuracy': 0.665}
{'epoch': 4, 'loss': 0.2143310823917389, 'val_loss': 1.059288547515869, 'val_f1': 0.35076840672673143, 'val_accuracy': 0.617}
{'epoch': 5, 'loss': 0.08864076067619026, 'val_loss': 1.6140170478820801, 'val_f1': 0.36224109430531454, 'val_accuracy': 0.638}
=== Trial 3 ========================================
Running with hyperparameters: {
	learning_rate: 5e-05
	batch_size: 32
}
{'epoch': 1, 'loss': 0.25225476965904237, 'val_loss': 0.3934930694103241, 'val_f1': 0.5521743763393755, 'val_accuracy': 0.837}
{'epoch': 2, 'loss': 0.09446515044271946, 'val_loss': 0.38801419448852537, 'val_f1': 0.654653554698272, 'val_accuracy': 0.857}
{'epoch': 3, 'loss': 0.024236038444936277, 'val_loss': 0.4531926999092102, 'val_f1': 0.6967509705415518, 'val_accuracy': 0.856}
{'epoch': 4, 'loss': 0.009540369957312942, 'val_loss': 0.4911103310585022, 'val_f1': 0.7265927375516417, 'val_accuracy': 0.86}
{'epoch': 5, 'loss': 0.007153285716846585, 'val_loss': 0.5132751951217651, 'val_f1': 0.7241723567621565, 'val_accuracy': 0.86}
=== Trial 4 ========================================
Running with hyperparameters: {
	learning_rate: 5e-05
	batch_size: 16
}
{'epoch': 1, 'loss': 0.21638605171442032, 'val_loss': 0.38972194480895994, 'val_f1': 0.5846175354305436, 'val_accuracy': 0.842}
{'epoch': 2, 'loss': 0.061617642243206504, 'val_loss': 0.41468739330768584, 'val_f1': 0.7027396282117003, 'val_accuracy': 0.859}
{'epoch': 3, 'loss': 0.01120587166659534, 'val_loss': 0.4555743577480316, 'val_f1': 0.7235801322125791, 'val_accuracy': 0.866}
{'epoch': 4, 'loss': 0.004878190764226019, 'val_loss': 0.49482713045179844, 'val_f1': 0.7685812841855474, 'val_accuracy': 0.876}
{'epoch': 5, 'loss': 0.0034635351629927753, 'val_loss': 0.5097746121138335, 'val_f1': 0.7446064914152162, 'val_accuracy': 0.873}
=== Trial 5 ========================================
Running with hyperparameters: {
	learning_rate: 5e-06
	batch_size: 32
}
{'epoch': 1, 'loss': 0.6917764406204223, 'val_loss': 0.7111762647628784, 'val_f1': 0.27906976744186046, 'val_accuracy': 0.72}
{'epoch': 2, 'loss': 0.4543411469221115, 'val_loss': 0.5076533179283143, 'val_f1': 0.5079359855206741, 'val_accuracy': 0.799}
{'epoch': 3, 'loss': 0.38944666826725005, 'val_loss': 0.48532825756073, 'val_f1': 0.5215656282951993, 'val_accuracy': 0.813}
{'epoch': 4, 'loss': 0.360417160987854, 'val_loss': 0.4727345700263977, 'val_f1': 0.5332064932246844, 'val_accuracy': 0.811}
{'epoch': 5, 'loss': 0.352676025390625, 'val_loss': 0.46940047216415404, 'val_f1': 0.5346693034497912, 'val_accuracy': 0.81}
=== Trial 6 ========================================
Running with hyperparameters: {
	learning_rate: 5e-05
	batch_size: 8
}
{'epoch': 1, 'loss': 0.16661155769973993, 'val_loss': 0.368862367592752, 'val_f1': 0.5952329459452048, 'val_accuracy': 0.852}
{'epoch': 2, 'loss': 0.041896755148097875, 'val_loss': 0.4448101419191807, 'val_f1': 0.6951019069582037, 'val_accuracy': 0.852}
{'epoch': 3, 'loss': 0.005749282643338665, 'val_loss': 0.48483697135490367, 'val_f1': 0.7250811951433221, 'val_accuracy': 0.867}
{'epoch': 4, 'loss': 0.0017407736734719947, 'val_loss': 0.5112795395930297, 'val_f1': 0.7248617237447226, 'val_accuracy': 0.865}
{'epoch': 5, 'loss': 0.0013509491461794823, 'val_loss': 0.5305960670711938, 'val_f1': 0.7287049265292066, 'val_accuracy': 0.865}
=== Trial 7 ========================================
Running with hyperparameters: {
	learning_rate: 0.005
	batch_size: 8
}
{'epoch': 1, 'loss': 0.7278742678642273, 'val_loss': 0.7498769433498382, 'val_f1': 0.2795199380565234, 'val_accuracy': 0.722}
{'epoch': 2, 'loss': 0.6841997103214263, 'val_loss': 0.759478187084198, 'val_f1': 0.2795199380565234, 'val_accuracy': 0.722}
{'epoch': 3, 'loss': 0.5195046658158302, 'val_loss': 0.845750914812088, 'val_f1': 0.31124727616260567, 'val_accuracy': 0.687}
{'epoch': 4, 'loss': 0.4091356752038002, 'val_loss': 0.8806381683349609, 'val_f1': 0.32415890269151143, 'val_accuracy': 0.674}
{'epoch': 5, 'loss': 0.31240540120005605, 'val_loss': 1.0731244338750838, 'val_f1': 0.3512101167411788, 'val_accuracy': 0.63}
=== Trial 8 ========================================
Running with hyperparameters: {
	learning_rate: 5e-06
	batch_size: 32
}
{'epoch': 1, 'loss': 0.6929470790863037, 'val_loss': 0.7124290919303894, 'val_f1': 0.282391669354772, 'val_accuracy': 0.721}
{'epoch': 2, 'loss': 0.4623578191280365, 'val_loss': 0.5235023469924927, 'val_f1': 0.5024394313686967, 'val_accuracy': 0.8}
{'epoch': 3, 'loss': 0.39322683277130127, 'val_loss': 0.49106210088729857, 'val_f1': 0.5335761400115606, 'val_accuracy': 0.815}
{'epoch': 4, 'loss': 0.3630636841773987, 'val_loss': 0.4770756068229675, 'val_f1': 0.5462535479994555, 'val_accuracy': 0.815}
{'epoch': 5, 'loss': 0.3550619484424591, 'val_loss': 0.4764720356464386, 'val_f1': 0.54553326704349, 'val_accuracy': 0.814}
=== Trial 9 ========================================
Running with hyperparameters: {
	learning_rate: 0.0005
	batch_size: 16
}
{'epoch': 1, 'loss': 0.19805495752692223, 'val_loss': 0.4709448219537735, 'val_f1': 0.5189537363450407, 'val_accuracy': 0.814}
{'epoch': 2, 'loss': 0.04410865196883679, 'val_loss': 0.5024660554528236, 'val_f1': 0.6324516241566932, 'val_accuracy': 0.831}
{'epoch': 3, 'loss': 0.00419921000811446, 'val_loss': 0.8919682704508305, 'val_f1': 0.6555504348731191, 'val_accuracy': 0.83}
{'epoch': 4, 'loss': 0.00028371458395849914, 'val_loss': 0.8280842279940843, 'val_f1': 0.6923935424578055, 'val_accuracy': 0.842}
{'epoch': 5, 'loss': 0.00017768339026370084, 'val_loss': 0.8482805463448166, 'val_f1': 0.6907626783355779, 'val_accuracy': 0.84}
=== Trial 10 ========================================
Running with hyperparameters: {
	learning_rate: 5e-05
	batch_size: 16
}
{'epoch': 1, 'loss': 0.20854005749225615, 'val_loss': 0.4015971050262451, 'val_f1': 0.5851679734856879, 'val_accuracy': 0.838}
{'epoch': 2, 'loss': 0.06572895994782448, 'val_loss': 0.3822685112953186, 'val_f1': 0.7054963250268472, 'val_accuracy': 0.852}
{'epoch': 3, 'loss': 0.01224372550882399, 'val_loss': 0.4533264658749104, 'val_f1': 0.7106680690956209, 'val_accuracy': 0.858}
{'epoch': 4, 'loss': 0.004868479979224503, 'val_loss': 0.4994387714266777, 'val_f1': 0.7019080809597891, 'val_accuracy': 0.857}
{'epoch': 5, 'loss': 0.0036908029197715224, 'val_loss': 0.5081609219610691, 'val_f1': 0.722950006481149, 'val_accuracy': 0.86}
=== Trial 11 ========================================
Running with hyperparameters: {
	learning_rate: 5e-05
	batch_size: 8
}
{'epoch': 1, 'loss': 0.20468634154200555, 'val_loss': 0.3844765491336584, 'val_f1': 0.6374941150334413, 'val_accuracy': 0.848}
{'epoch': 2, 'loss': 0.03774616576060653, 'val_loss': 0.3859125680997968, 'val_f1': 0.7330203641194313, 'val_accuracy': 0.866}
{'epoch': 3, 'loss': 0.004609146758867428, 'val_loss': 0.4509493972491473, 'val_f1': 0.7351970658304253, 'val_accuracy': 0.867}
{'epoch': 4, 'loss': 0.0014767238452099265, 'val_loss': 0.5237820088996086, 'val_f1': 0.711581238726128, 'val_accuracy': 0.869}
{'epoch': 5, 'loss': 0.0011473926731734537, 'val_loss': 0.5361621187914861, 'val_f1': 0.7148241858051123, 'val_accuracy': 0.87}
=== Results ========================================
>>> Selected Hyperparameters
{'batch_size': 16, 'learning_rate': 5e-05}
>>> Model Finetuning
{'epoch': 1, 'loss': 0.190402232170105, 'val_loss': 0.377967789888382, 'val_f1': 0.674242814411536, 'val_accuracy': 0.843}
{'epoch': 2, 'loss': 0.05792164391875267, 'val_loss': 0.3963626818656921, 'val_f1': 0.6169322553520334, 'val_accuracy': 0.844}
{'epoch': 3, 'loss': 0.013250879768282176, 'val_loss': 0.4939643295481801, 'val_f1': 0.7542862977113595, 'val_accuracy': 0.853}
{'epoch': 4, 'loss': 0.002899987570475787, 'val_loss': 0.5418784694559872, 'val_f1': 0.716041512834643, 'val_accuracy': 0.857}
{'epoch': 5, 'loss': 0.000918308599293232, 'val_loss': 0.5516530200690031, 'val_f1': 0.7398692810457517, 'val_accuracy': 0.871}
{'epoch': 6, 'loss': 0.000577345549594611, 'val_loss': 0.5890764045715332, 'val_f1': 0.7345017174119467, 'val_accuracy': 0.869}
{'epoch': 7, 'loss': 0.0004313050117576495, 'val_loss': 0.6115919453054667, 'val_f1': 0.7328383389226133, 'val_accuracy': 0.867}
{'epoch': 8, 'loss': 0.0003552554211113602, 'val_loss': 0.628687894700095, 'val_f1': 0.7287988948119158, 'val_accuracy': 0.866}
{'epoch': 9, 'loss': 0.00031626573191024366, 'val_loss': 0.6372843885980547, 'val_f1': 0.7279681403260535, 'val_accuracy': 0.865}
{'epoch': 10, 'loss': 0.00030342560501303524, 'val_loss': 0.6406595394071192, 'val_f1': 0.7279681403260535, 'val_accuracy': 0.865}
Best Model Results
{'accuracy': 0.853, 'f1': 0.7542862977113595, 'loss': 0.4939643295481801}
Saving model and tokenizer at models/assin-rte/ttl-160m
>>> Results on Test Dataset
{'accuracy': 0.84975, 'f1': 0.699824254483373, 'loss': 0.4975565618481487}
Ending Time: Sat Mar  7 07:55:42 -03 2026
