Running on dgx01
Starting time: Fri Aug 11 06:53:06 -03 2023

=============
== PyTorch ==
=============

NVIDIA Release 23.04 (build 58180998)
PyTorch Version 2.1.0a0+fe05266

Container image Copyright (c) 2023, NVIDIA CORPORATION & AFFILIATES. All rights reserved.

Copyright (c) 2014-2023 Facebook Inc.
Copyright (c) 2011-2014 Idiap Research Institute (Ronan Collobert)
Copyright (c) 2012-2014 Deepmind Technologies    (Koray Kavukcuoglu)
Copyright (c) 2011-2012 NEC Laboratories America (Koray Kavukcuoglu)
Copyright (c) 2011-2013 NYU                      (Clement Farabet)
Copyright (c) 2006-2010 NEC Laboratories America (Ronan Collobert, Leon Bottou, Iain Melvin, Jason Weston)
Copyright (c) 2006      Idiap Research Institute (Samy Bengio)
Copyright (c) 2001-2004 Idiap Research Institute (Ronan Collobert, Samy Bengio, Johnny Mariethoz)
Copyright (c) 2015      Google Inc.
Copyright (c) 2015      Yangqing Jia
Copyright (c) 2013-2016 The Caffe contributors
All rights reserved.

Various files include modifications (c) NVIDIA CORPORATION & AFFILIATES.  All rights reserved.

This container image and its contents are governed by the NVIDIA Deep Learning Container License.
By pulling and using the container, you accept the terms and conditions of this license:
https://developer.nvidia.com/ngc/nvidia-deep-learning-container-license

WARNING: The NVIDIA Driver was not detected.  GPU functionality will not be available.
   Use the NVIDIA Container Toolkit to start this container with GPU support; see
   https://docs.nvidia.com/datacenter/cloud-native/ .

Found cached dataset corpus-carolina (/workspace/hf_cache/carolina-c4ai___corpus-carolina/carolina/1.2.0/60fe73ac1719891e34135322031692bf177e9323e830d620cf3304f535ee2693)



Loading the dataset...
Creating the tokenization pipeline...
Setting the tokenizer model.
Setting the normalizer.
Setting the pre-tokenizer.
Setting the trainer.
Training the new tokenizer.
Defining the post processor template.
Enabling truncation.
Setting the decoder.
Saving new vocabulary to:  /workspace/tokenizer_bpe/results/tokenizer.json
Done
Ending time: Fri Aug 11 06:56:51 -03 2023
