Staring Time: Wed Mar 25 06:07:46 -03 2026
Root directory /home/lovelace/proj/proj877/gmello/msc_codes/finetuning
Node: adagp03
Running python script
>>> Running Task: plue-wnli
>>> Loading Dataset
DatasetDict({
    train: Dataset({
        features: ['text', 'text_pair', 'label'],
        num_rows: 635
    })
    test: Dataset({
        features: ['text', 'text_pair', 'label'],
        num_rows: 146
    })
    validation: Dataset({
        features: ['text', 'text_pair', 'label'],
        num_rows: 71
    })
})
>>> Dataset Tokenization
LlamaTokenizerFast(name_or_path='nicholasKluge/TeenyTinyLlama-160m', vocab_size=32000, model_max_length=1000000000000000019884624838656, is_fast=True, padding_side='right', truncation_side='right', special_tokens={'bos_token': '<s>', 'eos_token': '</s>', 'unk_token': '<unk>', 'pad_token': '<pad>'}, clean_up_tokenization_spaces=False, added_tokens_decoder={
	0: AddedToken("<unk>", rstrip=False, lstrip=False, single_word=False, normalized=False, special=True),
	1: AddedToken("<s>", rstrip=False, lstrip=False, single_word=False, normalized=False, special=True),
	2: AddedToken("</s>", rstrip=False, lstrip=False, single_word=False, normalized=False, special=True),
	3: AddedToken("<pad>", rstrip=False, lstrip=False, single_word=False, normalized=False, special=True),
}
)
DatasetDict({
    train: Dataset({
        features: ['label', 'input_ids', 'attention_mask'],
        num_rows: 635
    })
    test: Dataset({
        features: ['label', 'input_ids', 'attention_mask'],
        num_rows: 146
    })
    validation: Dataset({
        features: ['label', 'input_ids', 'attention_mask'],
        num_rows: 71
    })
})
>>> Hyperparameter Search
Initializing seed model
=== Trial 0 ========================================
Running with hyperparameters: {
	learning_rate: 5e-05
	batch_size: 16
}
{'epoch': 1, 'loss': 0.6871202649093988, 'val_loss': 0.7168639075588172, 'val_f1': 0.3533697632058288, 'val_accuracy': 0.36619718309859156}
{'epoch': 2, 'loss': 0.6830745126318744, 'val_loss': 0.7249278216294839, 'val_f1': 0.3162374020156775, 'val_accuracy': 0.39436619718309857}
{'epoch': 3, 'loss': 0.676898690471499, 'val_loss': 0.7452504601277096, 'val_f1': 0.26041666666666663, 'val_accuracy': 0.2676056338028169}
{'epoch': 4, 'loss': 0.6724141976964755, 'val_loss': 0.7630478899243852, 'val_f1': 0.19654556283502084, 'val_accuracy': 0.19718309859154928}
{'epoch': 5, 'loss': 0.6700895880150983, 'val_loss': 0.7680471178511499, 'val_f1': 0.26715239829993925, 'val_accuracy': 0.28169014084507044}
=== Trial 1 ========================================
Running with hyperparameters: {
	learning_rate: 0.0005
	batch_size: 8
}
{'epoch': 1, 'loss': 0.6955415121213657, 'val_loss': 0.7040774184213557, 'val_f1': 0.30392156862745096, 'val_accuracy': 0.43661971830985913}
{'epoch': 2, 'loss': 0.7101957437560315, 'val_loss': 0.6908135817084514, 'val_f1': 0.36036036036036034, 'val_accuracy': 0.5633802816901409}
{'epoch': 3, 'loss': 0.6928381146408441, 'val_loss': 0.7060266548479107, 'val_f1': 0.30392156862745096, 'val_accuracy': 0.43661971830985913}
{'epoch': 4, 'loss': 0.691360646345484, 'val_loss': 0.7107598748005611, 'val_f1': 0.30392156862745096, 'val_accuracy': 0.43661971830985913}
{'epoch': 5, 'loss': 0.6868802889125554, 'val_loss': 0.6970242782377861, 'val_f1': 0.36036036036036034, 'val_accuracy': 0.5633802816901409}
=== Trial 2 ========================================
Running with hyperparameters: {
	learning_rate: 5e-06
	batch_size: 8
}
{'epoch': 1, 'loss': 0.6971298161454088, 'val_loss': 0.7152974437659895, 'val_f1': 0.4804878048780488, 'val_accuracy': 0.49295774647887325}
{'epoch': 2, 'loss': 0.6913558806021383, 'val_loss': 0.7224880070753501, 'val_f1': 0.4753694581280788, 'val_accuracy': 0.49295774647887325}
{'epoch': 3, 'loss': 0.6874711907754733, 'val_loss': 0.7316047574432802, 'val_f1': 0.4227642276422764, 'val_accuracy': 0.43661971830985913}
{'epoch': 4, 'loss': 0.6852727315557284, 'val_loss': 0.7366155704981844, 'val_f1': 0.405554421074127, 'val_accuracy': 0.4225352112676056}
{'epoch': 5, 'loss': 0.6844238273740754, 'val_loss': 0.7392701565379828, 'val_f1': 0.38210888484112526, 'val_accuracy': 0.39436619718309857}
=== Trial 3 ========================================
Running with hyperparameters: {
	learning_rate: 5e-05
	batch_size: 8
}
{'epoch': 1, 'loss': 0.6912902505379024, 'val_loss': 0.7023420535342794, 'val_f1': 0.36036036036036034, 'val_accuracy': 0.5633802816901409}
{'epoch': 2, 'loss': 0.6841056857522079, 'val_loss': 0.7138766302189357, 'val_f1': 0.31157078215901746, 'val_accuracy': 0.36619718309859156}
{'epoch': 3, 'loss': 0.6813191278712956, 'val_loss': 0.7209965276046538, 'val_f1': 0.3486238532110092, 'val_accuracy': 0.5352112676056338}
{'epoch': 4, 'loss': 0.6750463827388493, 'val_loss': 0.74060767133471, 'val_f1': 0.1507177033492823, 'val_accuracy': 0.15492957746478872}
{'epoch': 5, 'loss': 0.6722902966296579, 'val_loss': 0.7475214138836928, 'val_f1': 0.191869918699187, 'val_accuracy': 0.2112676056338028}
=== Trial 4 ========================================
Running with hyperparameters: {
	learning_rate: 0.0005
	batch_size: 4
}
{'epoch': 1, 'loss': 0.6940196078593337, 'val_loss': 0.6874448480740399, 'val_f1': 0.36036036036036034, 'val_accuracy': 0.5633802816901409}
{'epoch': 2, 'loss': 0.6950467548971101, 'val_loss': 0.6875901524449738, 'val_f1': 0.36036036036036034, 'val_accuracy': 0.5633802816901409}
{'epoch': 3, 'loss': 0.7057490264336894, 'val_loss': 0.6888248467109572, 'val_f1': 0.36036036036036034, 'val_accuracy': 0.5633802816901409}
{'epoch': 4, 'loss': 0.689683547733337, 'val_loss': 0.691854157917936, 'val_f1': 0.36036036036036034, 'val_accuracy': 0.5633802816901409}
{'epoch': 5, 'loss': 0.687602768920538, 'val_loss': 0.696150370047126, 'val_f1': 0.36036036036036034, 'val_accuracy': 0.5633802816901409}
=== Trial 5 ========================================
Running with hyperparameters: {
	learning_rate: 0.005
	batch_size: 16
}
{'epoch': 1, 'loss': 0.7106273651123047, 'val_loss': 0.7295295621307802, 'val_f1': 0.30392156862745096, 'val_accuracy': 0.43661971830985913}
{'epoch': 2, 'loss': 0.7061605063010389, 'val_loss': 0.7221989363012179, 'val_f1': 0.30392156862745096, 'val_accuracy': 0.43661971830985913}
{'epoch': 3, 'loss': 0.6959967305341105, 'val_loss': 0.7075995593003823, 'val_f1': 0.30392156862745096, 'val_accuracy': 0.43661971830985913}
{'epoch': 4, 'loss': 0.6943473958593653, 'val_loss': 0.7033553459274937, 'val_f1': 0.30392156862745096, 'val_accuracy': 0.43661971830985913}
{'epoch': 5, 'loss': 0.6929959184541477, 'val_loss': 0.690831614212251, 'val_f1': 0.36036036036036034, 'val_accuracy': 0.5633802816901409}
=== Trial 6 ========================================
Running with hyperparameters: {
	learning_rate: 0.005
	batch_size: 16
}
{'epoch': 1, 'loss': 0.7070639242337444, 'val_loss': 0.7235001241657096, 'val_f1': 0.30392156862745096, 'val_accuracy': 0.43661971830985913}
{'epoch': 2, 'loss': 0.7016522767975575, 'val_loss': 0.6860224092510384, 'val_f1': 0.36036036036036034, 'val_accuracy': 0.5633802816901409}
{'epoch': 3, 'loss': 0.7104167570279339, 'val_loss': 0.7307946849876726, 'val_f1': 0.30392156862745096, 'val_accuracy': 0.43661971830985913}
{'epoch': 4, 'loss': 0.6936365262729915, 'val_loss': 0.6987911143773039, 'val_f1': 0.30392156862745096, 'val_accuracy': 0.43661971830985913}
{'epoch': 5, 'loss': 0.6929261695681594, 'val_loss': 0.6903634608631403, 'val_f1': 0.36036036036036034, 'val_accuracy': 0.5633802816901409}
=== Trial 7 ========================================
Running with hyperparameters: {
	learning_rate: 0.0005
	batch_size: 16
}
{'epoch': 1, 'loss': 0.6977025475089006, 'val_loss': 0.7111477113105882, 'val_f1': 0.30392156862745096, 'val_accuracy': 0.43661971830985913}
{'epoch': 2, 'loss': 0.6908170790184202, 'val_loss': 0.6939435878270109, 'val_f1': 0.36036036036036034, 'val_accuracy': 0.5633802816901409}
{'epoch': 3, 'loss': 0.6895734096136619, 'val_loss': 0.6959758812273052, 'val_f1': 0.35454545454545455, 'val_accuracy': 0.5492957746478874}
{'epoch': 4, 'loss': 0.6892262601476955, 'val_loss': 0.7046481790676923, 'val_f1': 0.3331042382588774, 'val_accuracy': 0.4225352112676056}
{'epoch': 5, 'loss': 0.6885060377946989, 'val_loss': 0.6961571330755529, 'val_f1': 0.36036036036036034, 'val_accuracy': 0.5633802816901409}
=== Trial 8 ========================================
Running with hyperparameters: {
	learning_rate: 0.005
	batch_size: 4
}
{'epoch': 1, 'loss': 0.6960154905093936, 'val_loss': 0.6852150651770579, 'val_f1': 0.36036036036036034, 'val_accuracy': 0.5633802816901409}
{'epoch': 2, 'loss': 0.6934376889326441, 'val_loss': 0.6952002585773737, 'val_f1': 0.30392156862745096, 'val_accuracy': 0.43661971830985913}
{'epoch': 3, 'loss': 0.6930287526348444, 'val_loss': 0.6917539717445911, 'val_f1': 0.36036036036036034, 'val_accuracy': 0.5633802816901409}
{'epoch': 4, 'loss': 0.6930630030594472, 'val_loss': 0.693163619914525, 'val_f1': 0.36036036036036034, 'val_accuracy': 0.5633802816901409}
{'epoch': 5, 'loss': 0.6929777295570674, 'val_loss': 0.6931158186684192, 'val_f1': 0.36036036036036034, 'val_accuracy': 0.5633802816901409}
=== Trial 9 ========================================
Running with hyperparameters: {
	learning_rate: 5e-06
	batch_size: 16
}
{'epoch': 1, 'loss': 0.700972258199857, 'val_loss': 0.7154990652917137, 'val_f1': 0.49205087440381556, 'val_accuracy': 0.49295774647887325}
{'epoch': 2, 'loss': 0.6954723718598133, 'val_loss': 0.7216321112404407, 'val_f1': 0.4467532467532468, 'val_accuracy': 0.4507042253521127}
{'epoch': 3, 'loss': 0.6921899517690103, 'val_loss': 0.7253901051803374, 'val_f1': 0.4108480064764217, 'val_accuracy': 0.4225352112676056}
{'epoch': 4, 'loss': 0.6901898977324719, 'val_loss': 0.7293355431355221, 'val_f1': 0.4108480064764217, 'val_accuracy': 0.4225352112676056}
{'epoch': 5, 'loss': 0.6896768592474029, 'val_loss': 0.7307683917838084, 'val_f1': 0.4108480064764217, 'val_accuracy': 0.4225352112676056}
=== Trial 10 ========================================
Running with hyperparameters: {
	learning_rate: 0.0005
	batch_size: 8
}
{'epoch': 1, 'loss': 0.6963243063979262, 'val_loss': 0.7032412340943243, 'val_f1': 0.30392156862745096, 'val_accuracy': 0.43661971830985913}
{'epoch': 2, 'loss': 0.6951115465539647, 'val_loss': 0.6868380761482347, 'val_f1': 0.36036036036036034, 'val_accuracy': 0.5633802816901409}
{'epoch': 3, 'loss': 0.7103335534493754, 'val_loss': 0.6902493490299708, 'val_f1': 0.36036036036036034, 'val_accuracy': 0.5633802816901409}
{'epoch': 4, 'loss': 0.691875696182251, 'val_loss': 0.6926496398281043, 'val_f1': 0.43069873997709046, 'val_accuracy': 0.5070422535211268}
{'epoch': 5, 'loss': 0.6916029107852245, 'val_loss': 0.6926396934079452, 'val_f1': 0.37436582109479305, 'val_accuracy': 0.5352112676056338}
=== Trial 11 ========================================
Running with hyperparameters: {
	learning_rate: 5e-05
	batch_size: 8
}
{'epoch': 1, 'loss': 0.6897310046699103, 'val_loss': 0.7002561931878748, 'val_f1': 0.3460293751555888, 'val_accuracy': 0.4788732394366197}
{'epoch': 2, 'loss': 0.6858171207698311, 'val_loss': 0.7101033774899764, 'val_f1': 0.36036036036036034, 'val_accuracy': 0.5633802816901409}
{'epoch': 3, 'loss': 0.6787840880746917, 'val_loss': 0.7279507072878556, 'val_f1': 0.20967415502934628, 'val_accuracy': 0.22535211267605634}
{'epoch': 4, 'loss': 0.6730581644013172, 'val_loss': 0.7404307916130818, 'val_f1': 0.23338870431893688, 'val_accuracy': 0.2676056338028169}
{'epoch': 5, 'loss': 0.6703925108346414, 'val_loss': 0.7482586578584053, 'val_f1': 0.23338870431893688, 'val_accuracy': 0.2676056338028169}
=== Results ========================================
>>> Selected Hyperparameters
{'batch_size': 8, 'learning_rate': 0.0005}
>>> Model Finetuning
{'epoch': 1, 'loss': 0.6933672807348056, 'val_loss': 0.6880036071992256, 'val_f1': 0.36036036036036034, 'val_accuracy': 0.5633802816901409}
{'epoch': 2, 'loss': 0.6910794626070759, 'val_loss': 0.6955357068021533, 'val_f1': 0.3226627093491626, 'val_accuracy': 0.36619718309859156}
{'epoch': 3, 'loss': 0.692455440055667, 'val_loss': 0.6899134273260412, 'val_f1': 0.36036036036036034, 'val_accuracy': 0.5633802816901409}
{'epoch': 4, 'loss': 0.6867877922658845, 'val_loss': 0.700410782451361, 'val_f1': 0.2828282828282828, 'val_accuracy': 0.39436619718309857}
{'epoch': 5, 'loss': 0.6948701783428042, 'val_loss': 0.7392302499690526, 'val_f1': 0.30392156862745096, 'val_accuracy': 0.43661971830985913}
{'epoch': 6, 'loss': 0.6810194195724848, 'val_loss': 0.7245092794928752, 'val_f1': 0.35454545454545455, 'val_accuracy': 0.5492957746478874}
{'epoch': 7, 'loss': 0.6719426076243243, 'val_loss': 0.8091560887618804, 'val_f1': 0.15476190476190477, 'val_accuracy': 0.18309859154929578}
{'epoch': 8, 'loss': 0.6427937120903195, 'val_loss': 0.9110472706002248, 'val_f1': 0.12519872813990462, 'val_accuracy': 0.1267605633802817}
{'epoch': 9, 'loss': 0.5954435596315879, 'val_loss': 1.4699443897730868, 'val_f1': 0.17357565856646928, 'val_accuracy': 0.19718309859154928}
{'epoch': 10, 'loss': 0.5623015677835059, 'val_loss': 2.200396819853447, 'val_f1': 0.09697933227344993, 'val_accuracy': 0.09859154929577464}
Best Model Results
{'accuracy': 0.5633802816901409,
 'f1': 0.36036036036036034,
 'loss': 0.6880036071992256}
Saving model and tokenizer at models/plue-wnli/ttl-160m
>>> Results on Test Dataset
Skipping evaluation on test dataset (Private Test)
Ending Time: Wed Mar 25 06:17:58 -03 2026
