Staring Time: Thu Jul 23 06:46:28 -03 2026
Root directory /home/lovelace/proj/proj877/gmello/msc_codes/finetuning
Node: adagp03
Running python script
>>> Running Task: assin-rte
>>> Loading Dataset
DatasetDict({
    train: Dataset({
        features: ['text', 'text_pair', 'label'],
        num_rows: 5000
    })
    test: Dataset({
        features: ['text', 'text_pair', 'label'],
        num_rows: 4000
    })
    validation: Dataset({
        features: ['text', 'text_pair', 'label'],
        num_rows: 1000
    })
})
>>> Dataset Tokenization
BertTokenizerFast(name_or_path='neuralmind/bert-large-portuguese-cased', vocab_size=29794, model_max_length=1000000000000000019884624838656, is_fast=True, padding_side='right', truncation_side='right', special_tokens={'unk_token': '[UNK]', 'sep_token': '[SEP]', 'pad_token': '[PAD]', 'cls_token': '[CLS]', 'mask_token': '[MASK]'}, clean_up_tokenization_spaces=True, added_tokens_decoder={
	0: AddedToken("[PAD]", rstrip=False, lstrip=False, single_word=False, normalized=False, special=True),
	100: AddedToken("[UNK]", rstrip=False, lstrip=False, single_word=False, normalized=False, special=True),
	101: AddedToken("[CLS]", rstrip=False, lstrip=False, single_word=False, normalized=False, special=True),
	102: AddedToken("[SEP]", rstrip=False, lstrip=False, single_word=False, normalized=False, special=True),
	103: AddedToken("[MASK]", rstrip=False, lstrip=False, single_word=False, normalized=False, special=True),
}
)
DatasetDict({
    train: Dataset({
        features: ['label', 'input_ids', 'token_type_ids', 'attention_mask'],
        num_rows: 5000
    })
    test: Dataset({
        features: ['label', 'input_ids', 'token_type_ids', 'attention_mask'],
        num_rows: 4000
    })
    validation: Dataset({
        features: ['label', 'input_ids', 'token_type_ids', 'attention_mask'],
        num_rows: 1000
    })
})
>>> Hyperparameter Search
Search Space:
	learning rate: [0.005, 0.0005, 5e-05, 5e-06]
	batch size: [8, 16, 32]
Initializing seed model
=== Trial 0 ========================================
Running with hyperparameters: {
	learning_rate: 0.0005
	batch_size: 32
}
{'epoch': 1, 'loss': 0.7409475914955139, 'val_loss': 0.7719300508499145, 'val_f1': 0.2795199380565234, 'val_accuracy': 0.722}
{'epoch': 2, 'loss': 0.7518575080871582, 'val_loss': 0.7675727581977845, 'val_f1': 0.2795199380565234, 'val_accuracy': 0.722}
{'epoch': 3, 'loss': 0.7253340106964111, 'val_loss': 0.7486951055526734, 'val_f1': 0.2795199380565234, 'val_accuracy': 0.722}
{'epoch': 4, 'loss': 0.7363773178100586, 'val_loss': 0.7560668053627014, 'val_f1': 0.2795199380565234, 'val_accuracy': 0.722}
{'epoch': 5, 'loss': 0.7239548243522644, 'val_loss': 0.750050359249115, 'val_f1': 0.2795199380565234, 'val_accuracy': 0.722}
=== Trial 1 ========================================
Running with hyperparameters: {
	learning_rate: 5e-06
	batch_size: 16
}
{'epoch': 1, 'loss': 0.24457583245635034, 'val_loss': 0.3256783511638641, 'val_f1': 0.5828080527532765, 'val_accuracy': 0.871}
{'epoch': 2, 'loss': 0.09888684675693513, 'val_loss': 0.2532087512910366, 'val_f1': 0.8483781436513261, 'val_accuracy': 0.919}
{'epoch': 3, 'loss': 0.05229404973089695, 'val_loss': 0.26471000677347184, 'val_f1': 0.8359283461900366, 'val_accuracy': 0.91}
{'epoch': 4, 'loss': 0.041325267513096335, 'val_loss': 0.27643387085944415, 'val_f1': 0.8521767941237997, 'val_accuracy': 0.917}
{'epoch': 5, 'loss': 0.03019700781852007, 'val_loss': 0.2788781268894672, 'val_f1': 0.8400080661423676, 'val_accuracy': 0.913}
=== Trial 2 ========================================
Running with hyperparameters: {
	learning_rate: 5e-05
	batch_size: 32
}
{'epoch': 1, 'loss': 0.17808458210229874, 'val_loss': 0.2991443858742714, 'val_f1': 0.6564363591455183, 'val_accuracy': 0.876}
{'epoch': 2, 'loss': 0.05310583076775074, 'val_loss': 0.2575178340673447, 'val_f1': 0.8427173572951565, 'val_accuracy': 0.904}
{'epoch': 3, 'loss': 0.018311769870296122, 'val_loss': 0.29054402408748864, 'val_f1': 0.8270791778791909, 'val_accuracy': 0.908}
{'epoch': 4, 'loss': 0.004887323550507426, 'val_loss': 0.3378413540935144, 'val_f1': 0.8390291287267573, 'val_accuracy': 0.912}
{'epoch': 5, 'loss': 0.0017498257406055927, 'val_loss': 0.3284997560419142, 'val_f1': 0.8557723677102443, 'val_accuracy': 0.919}
=== Trial 3 ========================================
Running with hyperparameters: {
	learning_rate: 5e-05
	batch_size: 16
}
{'epoch': 1, 'loss': 0.1429339813888073, 'val_loss': 0.2471028683781624, 'val_f1': 0.8365007474107039, 'val_accuracy': 0.909}
{'epoch': 2, 'loss': 0.051051565842330456, 'val_loss': 0.2456571361720562, 'val_f1': 0.8452295008363563, 'val_accuracy': 0.918}
{'epoch': 3, 'loss': 0.02027360508441925, 'val_loss': 0.30504525639489294, 'val_f1': 0.8531792739555207, 'val_accuracy': 0.91}
{'epoch': 4, 'loss': 0.005106841416377574, 'val_loss': 0.34281138027831914, 'val_f1': 0.845134544128626, 'val_accuracy': 0.915}
{'epoch': 5, 'loss': 0.0027260153165087103, 'val_loss': 0.3343926532957703, 'val_f1': 0.8682985064116635, 'val_accuracy': 0.926}
=== Trial 4 ========================================
Running with hyperparameters: {
	learning_rate: 5e-06
	batch_size: 16
}
{'epoch': 1, 'loss': 0.2808656666278839, 'val_loss': 0.34488147699832916, 'val_f1': 0.5487640423086845, 'val_accuracy': 0.856}
{'epoch': 2, 'loss': 0.1588778923213482, 'val_loss': 0.27941042137145994, 'val_f1': 0.7995177358969476, 'val_accuracy': 0.889}
{'epoch': 3, 'loss': 0.07765659451186657, 'val_loss': 0.2552628128230572, 'val_f1': 0.8443104493077431, 'val_accuracy': 0.913}
{'epoch': 4, 'loss': 0.051393407249450684, 'val_loss': 0.2735899161994457, 'val_f1': 0.8397021373097928, 'val_accuracy': 0.915}
{'epoch': 5, 'loss': 0.04691780845820904, 'val_loss': 0.2730974242687225, 'val_f1': 0.8435155603988199, 'val_accuracy': 0.916}
=== Trial 5 ========================================
Running with hyperparameters: {
	learning_rate: 5e-05
	batch_size: 32
}
{'epoch': 1, 'loss': 0.17194344511032106, 'val_loss': 0.28600856304168704, 'val_f1': 0.7474504321865406, 'val_accuracy': 0.894}
{'epoch': 2, 'loss': 0.09818907518386841, 'val_loss': 0.28899354314804077, 'val_f1': 0.8252659909578345, 'val_accuracy': 0.898}
{'epoch': 3, 'loss': 0.018525642016530036, 'val_loss': 0.23976676065474747, 'val_f1': 0.8562587995226698, 'val_accuracy': 0.921}
{'epoch': 4, 'loss': 0.008679598525725305, 'val_loss': 0.2940394303919747, 'val_f1': 0.8634203637377232, 'val_accuracy': 0.928}
{'epoch': 5, 'loss': 0.003786207303404808, 'val_loss': 0.30471544145978985, 'val_f1': 0.8520209257892563, 'val_accuracy': 0.927}
=== Trial 6 ========================================
Running with hyperparameters: {
	learning_rate: 0.0005
	batch_size: 32
}
{'epoch': 1, 'loss': 0.7290689407348633, 'val_loss': 0.75741969871521, 'val_f1': 0.2795199380565234, 'val_accuracy': 0.722}
{'epoch': 2, 'loss': 0.7317784885406494, 'val_loss': 0.7617525148391724, 'val_f1': 0.2795199380565234, 'val_accuracy': 0.722}
{'epoch': 3, 'loss': 0.7316292814254761, 'val_loss': 0.7530132036209106, 'val_f1': 0.2795199380565234, 'val_accuracy': 0.722}
{'epoch': 4, 'loss': 0.7251049725532531, 'val_loss': 0.7505965280532837, 'val_f1': 0.2795199380565234, 'val_accuracy': 0.722}
{'epoch': 5, 'loss': 0.7240864587783813, 'val_loss': 0.7493503074645996, 'val_f1': 0.2795199380565234, 'val_accuracy': 0.722}
=== Trial 7 ========================================
Running with hyperparameters: {
	learning_rate: 0.0005
	batch_size: 32
}
{'epoch': 1, 'loss': 0.7380920806884765, 'val_loss': 0.7682234115600586, 'val_f1': 0.2795199380565234, 'val_accuracy': 0.722}
{'epoch': 2, 'loss': 0.7365949251174927, 'val_loss': 0.7623393201828003, 'val_f1': 0.2795199380565234, 'val_accuracy': 0.722}
{'epoch': 3, 'loss': 0.7252538455963135, 'val_loss': 0.7486993684768677, 'val_f1': 0.2795199380565234, 'val_accuracy': 0.722}
{'epoch': 4, 'loss': 0.725963924407959, 'val_loss': 0.7543680710792542, 'val_f1': 0.2795199380565234, 'val_accuracy': 0.722}
{'epoch': 5, 'loss': 0.7248414135932922, 'val_loss': 0.748362913608551, 'val_f1': 0.2795199380565234, 'val_accuracy': 0.722}
=== Trial 8 ========================================
Running with hyperparameters: {
	learning_rate: 0.005
	batch_size: 32
}
{'epoch': 1, 'loss': 0.8127424247741699, 'val_loss': 0.8579981241226197, 'val_f1': 0.2795199380565234, 'val_accuracy': 0.722}
{'epoch': 2, 'loss': 0.818335012626648, 'val_loss': 0.8375043134689331, 'val_f1': 0.2795199380565234, 'val_accuracy': 0.722}
{'epoch': 3, 'loss': 0.726958549118042, 'val_loss': 0.7499136309623718, 'val_f1': 0.2795199380565234, 'val_accuracy': 0.722}
{'epoch': 4, 'loss': 0.8445333345413208, 'val_loss': 0.8746607942581177, 'val_f1': 0.2795199380565234, 'val_accuracy': 0.722}
{'epoch': 5, 'loss': 0.7276677521705628, 'val_loss': 0.7525776333808899, 'val_f1': 0.2795199380565234, 'val_accuracy': 0.722}
=== Trial 9 ========================================
Running with hyperparameters: {
	learning_rate: 0.005
	batch_size: 16
}
{'epoch': 1, 'loss': 0.9296799934864044, 'val_loss': 0.9973662812709808, 'val_f1': 0.2795199380565234, 'val_accuracy': 0.722}
{'epoch': 2, 'loss': 0.9656353633880616, 'val_loss': 0.9749245810508728, 'val_f1': 0.2795199380565234, 'val_accuracy': 0.722}
{'epoch': 3, 'loss': 0.7940001152038574, 'val_loss': 0.8051292734146118, 'val_f1': 0.2795199380565234, 'val_accuracy': 0.722}
{'epoch': 4, 'loss': 0.7661208353996277, 'val_loss': 0.788450493812561, 'val_f1': 0.2795199380565234, 'val_accuracy': 0.722}
{'epoch': 5, 'loss': 0.7264535500526428, 'val_loss': 0.7484861869812012, 'val_f1': 0.2795199380565234, 'val_accuracy': 0.722}
=== Trial 10 ========================================
Running with hyperparameters: {
	learning_rate: 5e-05
	batch_size: 8
}
{'epoch': 1, 'loss': 0.1911409290984273, 'val_loss': 0.29775472259521485, 'val_f1': 0.7031386837594339, 'val_accuracy': 0.881}
{'epoch': 2, 'loss': 0.08161880127750337, 'val_loss': 0.32530764408037066, 'val_f1': 0.7383318477381994, 'val_accuracy': 0.893}
{'epoch': 3, 'loss': 0.01622931621260941, 'val_loss': 0.3368486354826018, 'val_f1': 0.838902903543616, 'val_accuracy': 0.907}
{'epoch': 4, 'loss': 0.008502582258265466, 'val_loss': 0.363151180410292, 'val_f1': 0.8277506248870345, 'val_accuracy': 0.905}
{'epoch': 5, 'loss': 0.0030487580673769117, 'val_loss': 0.3695622994301375, 'val_f1': 0.847928851017671, 'val_accuracy': 0.913}
=== Trial 11 ========================================
Running with hyperparameters: {
	learning_rate: 5e-05
	batch_size: 8
}
{'epoch': 1, 'loss': 0.7266743006706238, 'val_loss': 0.7526851921081543, 'val_f1': 0.2795199380565234, 'val_accuracy': 0.722}
{'epoch': 2, 'loss': 0.7252491644859314, 'val_loss': 0.7511636047363281, 'val_f1': 0.2795199380565234, 'val_accuracy': 0.722}
{'epoch': 3, 'loss': 0.7240365273475647, 'val_loss': 0.7500614585876465, 'val_f1': 0.2795199380565234, 'val_accuracy': 0.722}
{'epoch': 4, 'loss': 0.7244101029872895, 'val_loss': 0.7510037350654603, 'val_f1': 0.2795199380565234, 'val_accuracy': 0.722}
{'epoch': 5, 'loss': 0.7244740577220917, 'val_loss': 0.7504962973594665, 'val_f1': 0.2795199380565234, 'val_accuracy': 0.722}
=== Results ========================================
>>> Selected Hyperparameters
{'batch_size': 16, 'learning_rate': 5e-05}
>>> Model Finetuning
{'epoch': 1, 'loss': 0.20600796877145766, 'val_loss': 0.29643471336364746, 'val_f1': 0.7927240811362717, 'val_accuracy': 0.89}
{'epoch': 2, 'loss': 0.06688221371769905, 'val_loss': 0.2443850623369217, 'val_f1': 0.831887226193993, 'val_accuracy': 0.912}
{'epoch': 3, 'loss': 0.019140058963373303, 'val_loss': 0.2433897721916437, 'val_f1': 0.8565539653311597, 'val_accuracy': 0.921}
{'epoch': 4, 'loss': 0.011461630598269403, 'val_loss': 0.35508087341859934, 'val_f1': 0.8480909806567701, 'val_accuracy': 0.914}
{'epoch': 5, 'loss': 0.004925183653272688, 'val_loss': 0.43035057342867367, 'val_f1': 0.8489096676684066, 'val_accuracy': 0.92}
{'epoch': 6, 'loss': 0.007857643911195918, 'val_loss': 0.43091553389513865, 'val_f1': 0.8428596971747414, 'val_accuracy': 0.909}
{'epoch': 7, 'loss': 0.0021212267434457316, 'val_loss': 0.41261069735558703, 'val_f1': 0.8576031500934697, 'val_accuracy': 0.918}
{'epoch': 8, 'loss': 0.00017890851686242968, 'val_loss': 0.42860874137631616, 'val_f1': 0.8548260938097793, 'val_accuracy': 0.919}
{'epoch': 9, 'loss': 0.0001796451812842861, 'val_loss': 0.44839985474408606, 'val_f1': 0.8584115379728917, 'val_accuracy': 0.919}
{'epoch': 10, 'loss': 0.00012138963354518636, 'val_loss': 0.4723867982891388, 'val_f1': 0.8478960432375221, 'val_accuracy': 0.918}
Best Model Results
{'accuracy': 0.919, 'f1': 0.8584115379728917, 'loss': 0.44839985474408606}
Saving model and tokenizer at models/assin-rte/bertimbau-large/43
>>> Results on Test Dataset
{'accuracy': 0.9175, 'f1': 0.8353029813274175, 'loss': 0.46069800485519224}
Ending Time: Thu Jul 23 08:54:06 -03 2026
