Staring Time: Tue Jul 21 22:53:37 -03 2026
Root directory /home/lovelace/proj/proj877/gmello/msc_codes/finetuning
Node: adagp03
Running python script
>>> Running Task: assin-rte
>>> Loading Dataset
DatasetDict({
    train: Dataset({
        features: ['text', 'text_pair', 'label'],
        num_rows: 5000
    })
    test: Dataset({
        features: ['text', 'text_pair', 'label'],
        num_rows: 4000
    })
    validation: Dataset({
        features: ['text', 'text_pair', 'label'],
        num_rows: 1000
    })
})
>>> Dataset Tokenization
BertTokenizerFast(name_or_path='neuralmind/bert-large-portuguese-cased', vocab_size=29794, model_max_length=1000000000000000019884624838656, is_fast=True, padding_side='right', truncation_side='right', special_tokens={'unk_token': '[UNK]', 'sep_token': '[SEP]', 'pad_token': '[PAD]', 'cls_token': '[CLS]', 'mask_token': '[MASK]'}, clean_up_tokenization_spaces=True, added_tokens_decoder={
	0: AddedToken("[PAD]", rstrip=False, lstrip=False, single_word=False, normalized=False, special=True),
	100: AddedToken("[UNK]", rstrip=False, lstrip=False, single_word=False, normalized=False, special=True),
	101: AddedToken("[CLS]", rstrip=False, lstrip=False, single_word=False, normalized=False, special=True),
	102: AddedToken("[SEP]", rstrip=False, lstrip=False, single_word=False, normalized=False, special=True),
	103: AddedToken("[MASK]", rstrip=False, lstrip=False, single_word=False, normalized=False, special=True),
}
)
DatasetDict({
    train: Dataset({
        features: ['label', 'input_ids', 'token_type_ids', 'attention_mask'],
        num_rows: 5000
    })
    test: Dataset({
        features: ['label', 'input_ids', 'token_type_ids', 'attention_mask'],
        num_rows: 4000
    })
    validation: Dataset({
        features: ['label', 'input_ids', 'token_type_ids', 'attention_mask'],
        num_rows: 1000
    })
})
>>> Hyperparameter Search
Search Space:
	learning rate: [0.005, 0.0005, 5e-05, 5e-06]
	batch size: [8, 16, 32]
Initializing seed model
=== Trial 0 ========================================
Running with hyperparameters: {
	learning_rate: 5e-06
	batch_size: 16
}
{'epoch': 1, 'loss': 0.33443172142505645, 'val_loss': 0.3949698584079742, 'val_f1': 0.5261457973572791, 'val_accuracy': 0.841}
{'epoch': 2, 'loss': 0.2074508939385414, 'val_loss': 0.33434449088573454, 'val_f1': 0.7459936367260704, 'val_accuracy': 0.866}
{'epoch': 3, 'loss': 0.10751698116958142, 'val_loss': 0.2880680995285511, 'val_f1': 0.7816802507067994, 'val_accuracy': 0.893}
{'epoch': 4, 'loss': 0.07994384143054485, 'val_loss': 0.31134065124392507, 'val_f1': 0.7777701074836246, 'val_accuracy': 0.897}
{'epoch': 5, 'loss': 0.06600164966955781, 'val_loss': 0.3062485806643963, 'val_f1': 0.8267318641383629, 'val_accuracy': 0.903}
=== Trial 1 ========================================
Running with hyperparameters: {
	learning_rate: 5e-05
	batch_size: 8
}
{'epoch': 1, 'loss': 0.29088190358281135, 'val_loss': 0.4044256122633815, 'val_f1': 0.6753795001272364, 'val_accuracy': 0.862}
{'epoch': 2, 'loss': 0.21084211679697037, 'val_loss': 0.3235474789142609, 'val_f1': 0.7912879842013699, 'val_accuracy': 0.885}
{'epoch': 3, 'loss': 0.09589539684448391, 'val_loss': 0.29030040313862265, 'val_f1': 0.7618170844278148, 'val_accuracy': 0.884}
{'epoch': 4, 'loss': 0.03485263407174498, 'val_loss': 0.32549176822043957, 'val_f1': 0.8301358130910148, 'val_accuracy': 0.904}
{'epoch': 5, 'loss': 0.023264657272072508, 'val_loss': 0.3017050168029964, 'val_f1': 0.859725929286998, 'val_accuracy': 0.915}
=== Trial 2 ========================================
Running with hyperparameters: {
	learning_rate: 0.0005
	batch_size: 32
}
{'epoch': 1, 'loss': 0.727147642326355, 'val_loss': 0.752910545349121, 'val_f1': 0.2795199380565234, 'val_accuracy': 0.722}
{'epoch': 2, 'loss': 0.7269002820014954, 'val_loss': 0.749533164024353, 'val_f1': 0.2795199380565234, 'val_accuracy': 0.722}
{'epoch': 3, 'loss': 0.7260900087356568, 'val_loss': 0.7482818965911865, 'val_f1': 0.2795199380565234, 'val_accuracy': 0.722}
{'epoch': 4, 'loss': 0.7261250440597534, 'val_loss': 0.7541262416839599, 'val_f1': 0.2795199380565234, 'val_accuracy': 0.722}
{'epoch': 5, 'loss': 0.7242193576812744, 'val_loss': 0.7500888128280639, 'val_f1': 0.2795199380565234, 'val_accuracy': 0.722}
=== Trial 3 ========================================
Running with hyperparameters: {
	learning_rate: 0.0005
	batch_size: 16
}
{'epoch': 1, 'loss': 0.75948870139122, 'val_loss': 0.7969705917835236, 'val_f1': 0.2795199380565234, 'val_accuracy': 0.722}
{'epoch': 2, 'loss': 0.7254912726402283, 'val_loss': 0.7525088829994202, 'val_f1': 0.2795199380565234, 'val_accuracy': 0.722}
{'epoch': 3, 'loss': 0.7352625754356384, 'val_loss': 0.7613067812919617, 'val_f1': 0.2795199380565234, 'val_accuracy': 0.722}
{'epoch': 4, 'loss': 0.7335487770080567, 'val_loss': 0.7648584823608399, 'val_f1': 0.2795199380565234, 'val_accuracy': 0.722}
{'epoch': 5, 'loss': 0.7240581851959228, 'val_loss': 0.7496870174407959, 'val_f1': 0.2795199380565234, 'val_accuracy': 0.722}
=== Trial 4 ========================================
Running with hyperparameters: {
	learning_rate: 0.005
	batch_size: 16
}
{'epoch': 1, 'loss': 0.7752442777633667, 'val_loss': 0.8138349256515502, 'val_f1': 0.2795199380565234, 'val_accuracy': 0.722}
{'epoch': 2, 'loss': 0.8867833529472351, 'val_loss': 0.9306153583526612, 'val_f1': 0.2795199380565234, 'val_accuracy': 0.722}
{'epoch': 3, 'loss': 0.7853101914405822, 'val_loss': 0.8156232318878174, 'val_f1': 0.2795199380565234, 'val_accuracy': 0.722}
{'epoch': 4, 'loss': 0.7383225284576416, 'val_loss': 0.7678927025794983, 'val_f1': 0.2795199380565234, 'val_accuracy': 0.722}
{'epoch': 5, 'loss': 0.7262116449356079, 'val_loss': 0.7504929265975953, 'val_f1': 0.2795199380565234, 'val_accuracy': 0.722}
=== Trial 5 ========================================
Running with hyperparameters: {
	learning_rate: 0.005
	batch_size: 16
}
{'epoch': 1, 'loss': 0.7689356869697571, 'val_loss': 0.811490984916687, 'val_f1': 0.2795199380565234, 'val_accuracy': 0.722}
{'epoch': 2, 'loss': 1.2568703282117843, 'val_loss': 1.3042679871320724, 'val_f1': 0.2795199380565234, 'val_accuracy': 0.722}
{'epoch': 3, 'loss': 0.8229637250900269, 'val_loss': 0.8736695897579193, 'val_f1': 0.2795199380565234, 'val_accuracy': 0.722}
{'epoch': 4, 'loss': 0.753610067653656, 'val_loss': 0.7732821850776672, 'val_f1': 0.2795199380565234, 'val_accuracy': 0.722}
{'epoch': 5, 'loss': 0.7251179525375366, 'val_loss': 0.7522089262008667, 'val_f1': 0.2795199380565234, 'val_accuracy': 0.722}
=== Trial 6 ========================================
Running with hyperparameters: {
	learning_rate: 5e-05
	batch_size: 32
}
{'epoch': 1, 'loss': 0.15131956921219825, 'val_loss': 0.26902974930405615, 'val_f1': 0.8253932495569053, 'val_accuracy': 0.892}
{'epoch': 2, 'loss': 0.1402046842813492, 'val_loss': 0.3296731715202332, 'val_f1': 0.7473692937729225, 'val_accuracy': 0.883}
{'epoch': 3, 'loss': 0.042662194791436195, 'val_loss': 0.2945198069810867, 'val_f1': 0.8424839615314937, 'val_accuracy': 0.907}
{'epoch': 4, 'loss': 0.030083321703970434, 'val_loss': 0.2868553718328476, 'val_f1': 0.8484290860483847, 'val_accuracy': 0.911}
{'epoch': 5, 'loss': 0.01841787446886301, 'val_loss': 0.29678224477916954, 'val_f1': 0.8555154862081121, 'val_accuracy': 0.919}
=== Trial 7 ========================================
Running with hyperparameters: {
	learning_rate: 5e-05
	batch_size: 16
}
{'epoch': 1, 'loss': 0.1844251668214798, 'val_loss': 0.3106203086972237, 'val_f1': 0.8311897175398036, 'val_accuracy': 0.893}
{'epoch': 2, 'loss': 0.06357981366068124, 'val_loss': 0.2578306421637535, 'val_f1': 0.8267495815763239, 'val_accuracy': 0.914}
{'epoch': 3, 'loss': 0.015978239821083845, 'val_loss': 0.29477888413518666, 'val_f1': 0.8525084894822014, 'val_accuracy': 0.923}
{'epoch': 4, 'loss': 0.004362368432059884, 'val_loss': 0.32615036530047653, 'val_f1': 0.8607242500076113, 'val_accuracy': 0.923}
{'epoch': 5, 'loss': 0.0016063232354819774, 'val_loss': 0.32443904238473625, 'val_f1': 0.8686440189062927, 'val_accuracy': 0.927}
=== Trial 8 ========================================
Running with hyperparameters: {
	learning_rate: 0.005
	batch_size: 16
}
{'epoch': 1, 'loss': 1.0261309480667113, 'val_loss': 1.1112262473106385, 'val_f1': 0.2795199380565234, 'val_accuracy': 0.722}
{'epoch': 2, 'loss': 1.198030760192871, 'val_loss': 1.2040751943588257, 'val_f1': 0.11479028697571743, 'val_accuracy': 0.208}
{'epoch': 3, 'loss': 0.8091534111976624, 'val_loss': 0.8397089555263519, 'val_f1': 0.2795199380565234, 'val_accuracy': 0.722}
{'epoch': 4, 'loss': 0.7405956943035126, 'val_loss': 0.7720751237869262, 'val_f1': 0.2795199380565234, 'val_accuracy': 0.722}
{'epoch': 5, 'loss': 0.7242199432373047, 'val_loss': 0.7503826422691345, 'val_f1': 0.2795199380565234, 'val_accuracy': 0.722}
=== Trial 9 ========================================
Running with hyperparameters: {
	learning_rate: 5e-06
	batch_size: 32
}
{'epoch': 1, 'loss': 0.42769141063690186, 'val_loss': 0.4747807168960571, 'val_f1': 0.5186517796637516, 'val_accuracy': 0.806}
{'epoch': 2, 'loss': 0.2552363052368164, 'val_loss': 0.35435429084300996, 'val_f1': 0.5881718700494748, 'val_accuracy': 0.858}
{'epoch': 3, 'loss': 0.18013159606456758, 'val_loss': 0.3151518453359604, 'val_f1': 0.7768949428200838, 'val_accuracy': 0.885}
{'epoch': 4, 'loss': 0.15180166273117066, 'val_loss': 0.30895296347141266, 'val_f1': 0.7901038674985834, 'val_accuracy': 0.883}
{'epoch': 5, 'loss': 0.13436028287410737, 'val_loss': 0.3070935308933258, 'val_f1': 0.8094912788908656, 'val_accuracy': 0.893}
=== Trial 10 ========================================
Running with hyperparameters: {
	learning_rate: 5e-05
	batch_size: 8
}
{'epoch': 1, 'loss': 0.7245356554508209, 'val_loss': 0.7497463264465332, 'val_f1': 0.2795199380565234, 'val_accuracy': 0.722}
{'epoch': 2, 'loss': 0.7260377365112305, 'val_loss': 0.7542511851787567, 'val_f1': 0.2795199380565234, 'val_accuracy': 0.722}
{'epoch': 3, 'loss': 0.727607852268219, 'val_loss': 0.7563722138404846, 'val_f1': 0.2795199380565234, 'val_accuracy': 0.722}
{'epoch': 4, 'loss': 0.7301736206531525, 'val_loss': 0.7575506846904755, 'val_f1': 0.2795199380565234, 'val_accuracy': 0.722}
{'epoch': 5, 'loss': 0.7241207249641418, 'val_loss': 0.7489437761306763, 'val_f1': 0.2795199380565234, 'val_accuracy': 0.722}
=== Trial 11 ========================================
Running with hyperparameters: {
	learning_rate: 5e-05
	batch_size: 8
}
{'epoch': 1, 'loss': 0.1671173666201532, 'val_loss': 0.32379782757908104, 'val_f1': 0.7998378843841859, 'val_accuracy': 0.892}
{'epoch': 2, 'loss': 0.0865019391670823, 'val_loss': 0.2675046923458576, 'val_f1': 0.814337251605456, 'val_accuracy': 0.9}
{'epoch': 3, 'loss': 0.020217424347065388, 'val_loss': 0.2799557684846222, 'val_f1': 0.8235946282918502, 'val_accuracy': 0.905}
{'epoch': 4, 'loss': 0.007433124170638621, 'val_loss': 0.3317476519328775, 'val_f1': 0.8434506765509603, 'val_accuracy': 0.913}
{'epoch': 5, 'loss': 0.0027148661563871426, 'val_loss': 0.36849578747875056, 'val_f1': 0.8481589962274917, 'val_accuracy': 0.915}
=== Results ========================================
>>> Selected Hyperparameters
{'batch_size': 16, 'learning_rate': 5e-05}
>>> Model Finetuning
{'epoch': 1, 'loss': 0.15333930872380733, 'val_loss': 0.2574996777772903, 'val_f1': 0.7766955624389432, 'val_accuracy': 0.899}
{'epoch': 2, 'loss': 0.05204673217609525, 'val_loss': 0.23493507002294065, 'val_f1': 0.8539193730236327, 'val_accuracy': 0.916}
{'epoch': 3, 'loss': 0.017644238835480063, 'val_loss': 0.24834003129601478, 'val_f1': 0.8596766584993375, 'val_accuracy': 0.929}
{'epoch': 4, 'loss': 0.021981556511018425, 'val_loss': 0.3937245737873018, 'val_f1': 0.8117789039894644, 'val_accuracy': 0.902}
{'epoch': 5, 'loss': 0.05860759127484635, 'val_loss': 0.5545553995422088, 'val_f1': 0.8150234459549184, 'val_accuracy': 0.868}
{'epoch': 6, 'loss': 0.018591634716885165, 'val_loss': 0.44723404993116855, 'val_f1': 0.7638500245459009, 'val_accuracy': 0.903}
{'epoch': 7, 'loss': 0.0007464451387990266, 'val_loss': 0.4255308879900258, 'val_f1': 0.8434595516748491, 'val_accuracy': 0.914}
{'epoch': 8, 'loss': 0.005978033710981254, 'val_loss': 0.3285496140199248, 'val_f1': 0.875686696555806, 'val_accuracy': 0.929}
{'epoch': 9, 'loss': 0.00044142302905675026, 'val_loss': 0.3400521181335207, 'val_f1': 0.871021681638723, 'val_accuracy': 0.931}
{'epoch': 10, 'loss': 0.0004327573058428243, 'val_loss': 0.3471313199982978, 'val_f1': 0.871021681638723, 'val_accuracy': 0.931}
Best Model Results
{'accuracy': 0.929, 'f1': 0.875686696555806, 'loss': 0.3285496140199248}
Saving model and tokenizer at models/assin-rte/bertimbau-large/44
>>> Results on Test Dataset
{'accuracy': 0.92675, 'f1': 0.8558095231160814, 'loss': 0.3895398304219707}
Ending Time: Wed Jul 22 00:58:55 -03 2026
