Staring Time: Sat Mar 28 06:31:35 -03 2026
Root directory /home/lovelace/proj/proj877/gmello/msc_codes/finetuning
Node: adagp03
Running python script
>>> Running Task: plue-rte
>>> Loading Dataset
DatasetDict({
    train: Dataset({
        features: ['text', 'text_pair', 'label'],
        num_rows: 2490
    })
    test: Dataset({
        features: ['text', 'text_pair', 'label'],
        num_rows: 2992
    })
    validation: Dataset({
        features: ['text', 'text_pair', 'label'],
        num_rows: 277
    })
})
>>> Dataset Tokenization
LlamaTokenizerFast(name_or_path='nicholasKluge/TeenyTinyLlama-460m', vocab_size=32000, model_max_length=1000000000000000019884624838656, is_fast=True, padding_side='right', truncation_side='right', special_tokens={'bos_token': '<s>', 'eos_token': '</s>', 'unk_token': '<unk>', 'pad_token': '<pad>'}, clean_up_tokenization_spaces=False, added_tokens_decoder={
	0: AddedToken("<unk>", rstrip=False, lstrip=False, single_word=False, normalized=False, special=True),
	1: AddedToken("<s>", rstrip=False, lstrip=False, single_word=False, normalized=False, special=True),
	2: AddedToken("</s>", rstrip=False, lstrip=False, single_word=False, normalized=False, special=True),
	3: AddedToken("<pad>", rstrip=False, lstrip=False, single_word=False, normalized=False, special=True),
}
)
DatasetDict({
    train: Dataset({
        features: ['label', 'input_ids', 'attention_mask'],
        num_rows: 2490
    })
    test: Dataset({
        features: ['label', 'input_ids', 'attention_mask'],
        num_rows: 2992
    })
    validation: Dataset({
        features: ['label', 'input_ids', 'attention_mask'],
        num_rows: 277
    })
})
>>> Hyperparameter Search
Initializing seed model
=== Trial 0 ========================================
Running with hyperparameters: {
	learning_rate: 0.0005
	batch_size: 8
}
{'epoch': 1, 'loss': 0.6526223646110321, 'val_loss': 0.6852447719780547, 'val_f1': 0.5879136343532628, 'val_accuracy': 0.5992779783393501}
{'epoch': 2, 'loss': 0.36153954050866477, 'val_loss': 0.7069964391660174, 'val_f1': 0.5850678019552191, 'val_accuracy': 0.5884476534296029}
{'epoch': 3, 'loss': 0.09342460314552468, 'val_loss': 0.9793675152403353, 'val_f1': 0.5548194896319234, 'val_accuracy': 0.555956678700361}
{'epoch': 4, 'loss': 0.029517929927711507, 'val_loss': 1.0596510546302107, 'val_f1': 0.5834477528016424, 'val_accuracy': 0.5848375451263538}
{'epoch': 5, 'loss': 0.007008078802997867, 'val_loss': 1.4368306127265902, 'val_f1': 0.5551217601357968, 'val_accuracy': 0.555956678700361}
=== Trial 1 ========================================
Running with hyperparameters: {
	learning_rate: 0.0005
	batch_size: 8
}
{'epoch': 1, 'loss': 0.7073683096223088, 'val_loss': 0.7008131772602508, 'val_f1': 0.34515366430260047, 'val_accuracy': 0.5270758122743683}
{'epoch': 2, 'loss': 0.5395120867763658, 'val_loss': 0.7283598834426824, 'val_f1': 0.48906455862977605, 'val_accuracy': 0.51985559566787}
{'epoch': 3, 'loss': 0.1929152144246312, 'val_loss': 0.9023583055833617, 'val_f1': 0.5198305637015315, 'val_accuracy': 0.51985559566787}
{'epoch': 4, 'loss': 0.02410704295588545, 'val_loss': 1.5331648058839653, 'val_f1': 0.552009782651572, 'val_accuracy': 0.555956678700361}
{'epoch': 5, 'loss': 0.004055907308200214, 'val_loss': 1.9472278068211966, 'val_f1': 0.5466687783760954, 'val_accuracy': 0.5523465703971119}
=== Trial 2 ========================================
Running with hyperparameters: {
	learning_rate: 0.0005
	batch_size: 4
}
{'epoch': 1, 'loss': 0.6917573763184758, 'val_loss': 0.69161796354645, 'val_f1': 0.34515366430260047, 'val_accuracy': 0.5270758122743683}
{'epoch': 2, 'loss': 0.662740127867963, 'val_loss': 0.7064170899804318, 'val_f1': 0.3486961902236365, 'val_accuracy': 0.51985559566787}
{'epoch': 3, 'loss': 0.2546277057933041, 'val_loss': 0.8218107815253606, 'val_f1': 0.5395720175381192, 'val_accuracy': 0.5415162454873647}
{'epoch': 4, 'loss': 0.05134533482592508, 'val_loss': 1.404447138659145, 'val_f1': 0.5595151199165798, 'val_accuracy': 0.5595667870036101}
{'epoch': 5, 'loss': 0.026814814300526936, 'val_loss': 1.8253576055787746, 'val_f1': 0.5631541218637993, 'val_accuracy': 0.5631768953068592}
=== Trial 3 ========================================
Running with hyperparameters: {
	learning_rate: 0.005
	batch_size: 4
}
{'epoch': 1, 'loss': 0.6970840718372758, 'val_loss': 0.7018094800869911, 'val_f1': 0.32107843137254904, 'val_accuracy': 0.4729241877256318}
{'epoch': 2, 'loss': 0.7035627456553969, 'val_loss': 0.710249030417914, 'val_f1': 0.32107843137254904, 'val_accuracy': 0.4729241877256318}
{'epoch': 3, 'loss': 0.6911186339864769, 'val_loss': 0.6916597081005358, 'val_f1': 0.34515366430260047, 'val_accuracy': 0.5270758122743683}
{'epoch': 4, 'loss': 0.633285492239707, 'val_loss': 0.7964876087563993, 'val_f1': 0.45892725161017844, 'val_accuracy': 0.4657039711191336}
{'epoch': 5, 'loss': 0.5563093763757422, 'val_loss': 0.7442774955546383, 'val_f1': 0.4969098297466452, 'val_accuracy': 0.4981949458483754}
=== Trial 4 ========================================
Running with hyperparameters: {
	learning_rate: 0.005
	batch_size: 8
}
{'epoch': 1, 'loss': 0.7189995883937821, 'val_loss': 0.7305569390527609, 'val_f1': 0.32107843137254904, 'val_accuracy': 0.4729241877256318}
{'epoch': 2, 'loss': 0.6933087276167659, 'val_loss': 0.6926783809593008, 'val_f1': 0.34515366430260047, 'val_accuracy': 0.5270758122743683}
{'epoch': 3, 'loss': 0.6754857536300598, 'val_loss': 0.708873843458155, 'val_f1': 0.38238573021181715, 'val_accuracy': 0.5379061371841155}
{'epoch': 4, 'loss': 0.603905147290134, 'val_loss': 0.7138383224983078, 'val_f1': 0.44540401625627535, 'val_accuracy': 0.516245487364621}
{'epoch': 5, 'loss': 0.32454172356061667, 'val_loss': 0.9001168886246664, 'val_f1': 0.5227130325814536, 'val_accuracy': 0.5234657039711191}
=== Trial 5 ========================================
Running with hyperparameters: {
	learning_rate: 0.0005
	batch_size: 4
}
{'epoch': 1, 'loss': 0.6979282194352054, 'val_loss': 0.6925424025377211, 'val_f1': 0.34515366430260047, 'val_accuracy': 0.5270758122743683}
{'epoch': 2, 'loss': 0.6912741546171257, 'val_loss': 0.6914866831328464, 'val_f1': 0.34515366430260047, 'val_accuracy': 0.5270758122743683}
{'epoch': 3, 'loss': 0.5425221769685248, 'val_loss': 0.6970693393734818, 'val_f1': 0.5557482429947975, 'val_accuracy': 0.555956678700361}
{'epoch': 4, 'loss': 0.15333591593676302, 'val_loss': 0.9133173041718101, 'val_f1': 0.5551217601357968, 'val_accuracy': 0.555956678700361}
{'epoch': 5, 'loss': 0.04338015330371907, 'val_loss': 1.3887757912466456, 'val_f1': 0.5441222570532915, 'val_accuracy': 0.5451263537906137}
=== Trial 6 ========================================
Running with hyperparameters: {
	learning_rate: 5e-06
	batch_size: 4
}
{'epoch': 1, 'loss': 0.5663677067881129, 'val_loss': 0.6444575584322106, 'val_f1': 0.5995621824790385, 'val_accuracy': 0.6209386281588448}
{'epoch': 2, 'loss': 0.36687123360763113, 'val_loss': 0.6444853643217672, 'val_f1': 0.6607939956547502, 'val_accuracy': 0.6642599277978339}
{'epoch': 3, 'loss': 0.20432235964510337, 'val_loss': 0.7089766670650524, 'val_f1': 0.6460940759282436, 'val_accuracy': 0.6462093862815884}
{'epoch': 4, 'loss': 0.11964147364810468, 'val_loss': 0.8355901659826079, 'val_f1': 0.6451688800585591, 'val_accuracy': 0.6462093862815884}
{'epoch': 5, 'loss': 0.09975179166282457, 'val_loss': 0.8926854028706086, 'val_f1': 0.6655643044619423, 'val_accuracy': 0.6678700361010831}
=== Trial 7 ========================================
Running with hyperparameters: {
	learning_rate: 5e-06
	batch_size: 4
}
{'epoch': 1, 'loss': 0.56428414104454, 'val_loss': 0.6418259081427371, 'val_f1': 0.6018277967532211, 'val_accuracy': 0.6064981949458483}
{'epoch': 2, 'loss': 0.3761195619063205, 'val_loss': 0.6461599152871418, 'val_f1': 0.6306859772038064, 'val_accuracy': 0.631768953068592}
{'epoch': 3, 'loss': 0.1993240300910061, 'val_loss': 0.726274956542232, 'val_f1': 0.628139459107201, 'val_accuracy': 0.628158844765343}
{'epoch': 4, 'loss': 0.11540378124479309, 'val_loss': 0.899590909373459, 'val_f1': 0.6462044900915136, 'val_accuracy': 0.6498194945848376}
{'epoch': 5, 'loss': 0.09472303223538112, 'val_loss': 0.9118503385394919, 'val_f1': 0.6372826314686779, 'val_accuracy': 0.6389891696750902}
=== Results ========================================
>>> Selected Hyperparameters
{'batch_size': 4, 'learning_rate': 5e-06}
>>> Model Finetuning
{'epoch': 1, 'loss': 0.562835594592803, 'val_loss': 0.640634902332664, 'val_f1': 0.6164838035527691, 'val_accuracy': 0.6173285198555957}
{'epoch': 2, 'loss': 0.3439524730405654, 'val_loss': 0.6408464291035484, 'val_f1': 0.6582939632545932, 'val_accuracy': 0.6606498194945848}
{'epoch': 3, 'loss': 0.13913011590699595, 'val_loss': 0.762588310865719, 'val_f1': 0.6593668236525378, 'val_accuracy': 0.6606498194945848}
{'epoch': 4, 'loss': 0.06922081266324144, 'val_loss': 0.955013935881186, 'val_f1': 0.6601138262322472, 'val_accuracy': 0.6606498194945848}
{'epoch': 5, 'loss': 0.038654355969594184, 'val_loss': 1.0979715272353874, 'val_f1': 0.6505834121728162, 'val_accuracy': 0.6534296028880866}
{'epoch': 6, 'loss': 0.023112448465278237, 'val_loss': 1.1706940852616667, 'val_f1': 0.6471708271506047, 'val_accuracy': 0.6498194945848376}
{'epoch': 7, 'loss': 0.015214875227599648, 'val_loss': 1.2223170979304865, 'val_f1': 0.643753280839895, 'val_accuracy': 0.6462093862815884}
{'epoch': 8, 'loss': 0.010840238744568784, 'val_loss': 1.281249975052659, 'val_f1': 0.6505834121728162, 'val_accuracy': 0.6534296028880866}
{'epoch': 9, 'loss': 0.008609796810243465, 'val_loss': 1.3133260452924869, 'val_f1': 0.6433038999264165, 'val_accuracy': 0.6462093862815884}
{'epoch': 10, 'loss': 0.007865416294479944, 'val_loss': 1.326314435511935, 'val_f1': 0.6501052631578947, 'val_accuracy': 0.6534296028880866}
Best Model Results
{'accuracy': 0.6606498194945848,
 'f1': 0.6582939632545932,
 'loss': 0.6408464291035484}
Saving model and tokenizer at models/plue-rte/ttl-460m
>>> Results on Test Dataset
Skipping evaluation on test dataset (Private Test)
Ending Time: Sat Mar 28 09:35:22 -03 2026
