Staring Time: Tue Mar 17 21:32:58 -03 2026
Root directory /home/lovelace/proj/proj877/gmello/msc_codes/finetuning
Node: adagp03
Running python script
>>> Running Task: hatebr-hate
>>> Loading Dataset
DatasetDict({
    train: Dataset({
        features: ['text', 'label'],
        num_rows: 2240
    })
    validation: Dataset({
        features: ['text', 'label'],
        num_rows: 560
    })
    test: Dataset({
        features: ['text', 'label'],
        num_rows: 700
    })
})
>>> Dataset Tokenization
BertTokenizerFast(name_or_path='neuralmind/bert-base-portuguese-cased', vocab_size=29794, model_max_length=1000000000000000019884624838656, is_fast=True, padding_side='right', truncation_side='right', special_tokens={'unk_token': '[UNK]', 'sep_token': '[SEP]', 'pad_token': '[PAD]', 'cls_token': '[CLS]', 'mask_token': '[MASK]'}, clean_up_tokenization_spaces=True, added_tokens_decoder={
	0: AddedToken("[PAD]", rstrip=False, lstrip=False, single_word=False, normalized=False, special=True),
	100: AddedToken("[UNK]", rstrip=False, lstrip=False, single_word=False, normalized=False, special=True),
	101: AddedToken("[CLS]", rstrip=False, lstrip=False, single_word=False, normalized=False, special=True),
	102: AddedToken("[SEP]", rstrip=False, lstrip=False, single_word=False, normalized=False, special=True),
	103: AddedToken("[MASK]", rstrip=False, lstrip=False, single_word=False, normalized=False, special=True),
}
)
DatasetDict({
    train: Dataset({
        features: ['label', 'input_ids', 'token_type_ids', 'attention_mask'],
        num_rows: 2240
    })
    validation: Dataset({
        features: ['label', 'input_ids', 'token_type_ids', 'attention_mask'],
        num_rows: 560
    })
    test: Dataset({
        features: ['label', 'input_ids', 'token_type_ids', 'attention_mask'],
        num_rows: 700
    })
})
>>> Hyperparameter Search
Initializing seed model
=== Trial 0 ========================================
Running with hyperparameters: {
	learning_rate: 5e-05
	batch_size: 16
}
{'epoch': 1, 'loss': 0.17518007699400187, 'val_loss': 0.23688579574227334, 'val_f1': 0.8416598073527657}
{'epoch': 2, 'loss': 0.0666226623978998, 'val_loss': 0.24520073777862958, 'val_f1': 0.837421033073207}
{'epoch': 3, 'loss': 0.024853074068336613, 'val_loss': 0.29854459300238106, 'val_f1': 0.8622273249138921}
{'epoch': 4, 'loss': 0.013001022684953309, 'val_loss': 0.3701800003381712, 'val_f1': 0.8595680902310011}
{'epoch': 5, 'loss': 0.008988673550525813, 'val_loss': 0.37172502626365583, 'val_f1': 0.8581658262531371}
=== Trial 1 ========================================
Running with hyperparameters: {
	learning_rate: 5e-05
	batch_size: 8
}
{'epoch': 1, 'loss': 0.20483220198324747, 'val_loss': 0.23684964616383825, 'val_f1': 0.8150247087092533}
{'epoch': 2, 'loss': 0.10839821915807468, 'val_loss': 0.2770218092815152, 'val_f1': 0.7999795897540565}
{'epoch': 3, 'loss': 0.029160211272704017, 'val_loss': 0.31669373750087937, 'val_f1': 0.8453927025355596}
{'epoch': 4, 'loss': 0.011073029155210991, 'val_loss': 0.3408045275610805, 'val_f1': 0.8452718104579677}
{'epoch': 5, 'loss': 0.007840935342080359, 'val_loss': 0.3751729905214493, 'val_f1': 0.8348894348894349}
=== Trial 2 ========================================
Running with hyperparameters: {
	learning_rate: 0.0005
	batch_size: 8
}
{'epoch': 1, 'loss': 0.5225341985800437, 'val_loss': 0.4555523817028318, 'val_f1': 0.45365853658536587}
{'epoch': 2, 'loss': 0.5196673086711339, 'val_loss': 0.45718818030187064, 'val_f1': 0.45365853658536587}
{'epoch': 3, 'loss': 0.5211824536323547, 'val_loss': 0.4719157559531076, 'val_f1': 0.45365853658536587}
{'epoch': 4, 'loss': 0.52092170342803, 'val_loss': 0.47128341495990755, 'val_f1': 0.45365853658536587}
{'epoch': 5, 'loss': 0.5204206726380757, 'val_loss': 0.4564819710595267, 'val_f1': 0.45365853658536587}
=== Trial 3 ========================================
Running with hyperparameters: {
	learning_rate: 5e-05
	batch_size: 4
}
{'epoch': 1, 'loss': 0.22732908540804472, 'val_loss': 0.29154524646167246, 'val_f1': 0.7749408983451537}
{'epoch': 2, 'loss': 0.14243955645111522, 'val_loss': 0.2676767689841134, 'val_f1': 0.8044074844074844}
{'epoch': 3, 'loss': 0.046598531334478006, 'val_loss': 0.3016075483872555, 'val_f1': 0.8277363281351832}
{'epoch': 4, 'loss': 0.017547754946800914, 'val_loss': 0.354668750748637, 'val_f1': 0.8334412232972339}
{'epoch': 5, 'loss': 0.009454403568504079, 'val_loss': 0.398330776075766, 'val_f1': 0.8382126348228043}
=== Trial 4 ========================================
Running with hyperparameters: {
	learning_rate: 0.005
	batch_size: 4
}
{'epoch': 1, 'loss': 1.4365134512323754, 'val_loss': 1.1422438400997115, 'val_f1': 0.45365853658536587}
{'epoch': 2, 'loss': 1.1194349537586927, 'val_loss': 0.8910322946363262, 'val_f1': 0.45365853658536587}
{'epoch': 3, 'loss': 0.5278016522526741, 'val_loss': 0.4555899313517979, 'val_f1': 0.45365853658536587}
{'epoch': 4, 'loss': 0.5281727641820908, 'val_loss': 0.4556536776678903, 'val_f1': 0.45365853658536587}
{'epoch': 5, 'loss': 0.518449218677623, 'val_loss': 0.46052025641713823, 'val_f1': 0.45365853658536587}
=== Trial 5 ========================================
Running with hyperparameters: {
	learning_rate: 5e-05
	batch_size: 8
}
{'epoch': 1, 'loss': 0.21229437296944006, 'val_loss': 0.26449479340974774, 'val_f1': 0.7903220688561003}
{'epoch': 2, 'loss': 0.12098775314433234, 'val_loss': 0.25635730363428594, 'val_f1': 0.8452718104579677}
{'epoch': 3, 'loss': 0.028549497025752706, 'val_loss': 0.33065602431472924, 'val_f1': 0.8278473654498606}
{'epoch': 4, 'loss': 0.01241472304017017, 'val_loss': 0.38641819251102527, 'val_f1': 0.8313243426025381}
{'epoch': 5, 'loss': 0.006760181835436794, 'val_loss': 0.4075680891767011, 'val_f1': 0.837421033073207}
=== Trial 6 ========================================
Running with hyperparameters: {
	learning_rate: 0.005
	batch_size: 16
}
{'epoch': 1, 'loss': 0.5815105190234525, 'val_loss': 0.4826409152575902, 'val_f1': 0.45365853658536587}
{'epoch': 2, 'loss': 0.6404833082641874, 'val_loss': 0.6316715359687806, 'val_f1': 0.45365853658536587}
{'epoch': 3, 'loss': 0.5186918663127081, 'val_loss': 0.46410456725529264, 'val_f1': 0.45365853658536587}
{'epoch': 4, 'loss': 0.5386838666030339, 'val_loss': 0.5022116797310966, 'val_f1': 0.45365853658536587}
{'epoch': 5, 'loss': 0.5188557062830244, 'val_loss': 0.45859605414526805, 'val_f1': 0.45365853658536587}
=== Trial 7 ========================================
Running with hyperparameters: {
	learning_rate: 5e-06
	batch_size: 8
}
{'epoch': 1, 'loss': 0.34801637434533667, 'val_loss': 0.3204390647155898, 'val_f1': 0.7739583333333333}
{'epoch': 2, 'loss': 0.21908696331083774, 'val_loss': 0.24818699902721814, 'val_f1': 0.8288908460197351}
{'epoch': 3, 'loss': 0.15730899650204394, 'val_loss': 0.233635920951409, 'val_f1': 0.8249299719887955}
{'epoch': 4, 'loss': 0.12557365730670947, 'val_loss': 0.22904666965561254, 'val_f1': 0.8256740177377908}
{'epoch': 5, 'loss': 0.11393278914370707, 'val_loss': 0.22765339173908744, 'val_f1': 0.8325103307676813}
=== Trial 8 ========================================
Running with hyperparameters: {
	learning_rate: 5e-06
	batch_size: 8
}
{'epoch': 1, 'loss': 0.31520530549543246, 'val_loss': 0.3019446496452604, 'val_f1': 0.7690721649484535}
{'epoch': 2, 'loss': 0.20296598050211156, 'val_loss': 0.2609459599213941, 'val_f1': 0.8154705202173613}
{'epoch': 3, 'loss': 0.1396885866831456, 'val_loss': 0.24119019542953798, 'val_f1': 0.826799659785046}
{'epoch': 4, 'loss': 0.10825236606677728, 'val_loss': 0.23626881706129227, 'val_f1': 0.8247303543913713}
{'epoch': 5, 'loss': 0.09989701995426523, 'val_loss': 0.2339901511424354, 'val_f1': 0.8314714946070878}
=== Trial 9 ========================================
Running with hyperparameters: {
	learning_rate: 5e-06
	batch_size: 8
}
{'epoch': 1, 'loss': 0.34152083702917607, 'val_loss': 0.3137880363634655, 'val_f1': 0.7297116676938613}
{'epoch': 2, 'loss': 0.20385164505402956, 'val_loss': 0.2479864123410412, 'val_f1': 0.8042537172971955}
{'epoch': 3, 'loss': 0.14112269575042383, 'val_loss': 0.23774903078696558, 'val_f1': 0.8205477816664677}
{'epoch': 4, 'loss': 0.10719881025142967, 'val_loss': 0.23485636294686368, 'val_f1': 0.8314714946070878}
{'epoch': 5, 'loss': 0.09757767146054123, 'val_loss': 0.23499050523553575, 'val_f1': 0.8325103307676813}
=== Trial 10 ========================================
Running with hyperparameters: {
	learning_rate: 0.0005
	batch_size: 16
}
{'epoch': 1, 'loss': 0.5295732635472502, 'val_loss': 0.45594085710389276, 'val_f1': 0.45365853658536587}
{'epoch': 2, 'loss': 0.5240123004785606, 'val_loss': 0.4553435687507902, 'val_f1': 0.45365853658536587}
{'epoch': 3, 'loss': 0.5185634163873536, 'val_loss': 0.4596450694969722, 'val_f1': 0.45365853658536587}
{'epoch': 4, 'loss': 0.5196982051645006, 'val_loss': 0.45715254885809764, 'val_f1': 0.45365853658536587}
{'epoch': 5, 'loss': 0.5184238829783031, 'val_loss': 0.4609736238207136, 'val_f1': 0.45365853658536587}
=== Trial 11 ========================================
Running with hyperparameters: {
	learning_rate: 5e-05
	batch_size: 16
}
{'epoch': 1, 'loss': 0.21312123255005905, 'val_loss': 0.2835341650460448, 'val_f1': 0.8121899987644079}
{'epoch': 2, 'loss': 0.08665295254572161, 'val_loss': 0.26167782209813595, 'val_f1': 0.8120013916780097}
{'epoch': 3, 'loss': 0.03638919803613264, 'val_loss': 0.2768200333463028, 'val_f1': 0.843204599331753}
{'epoch': 4, 'loss': 0.01454936316835561, 'val_loss': 0.32400086839084646, 'val_f1': 0.8439241917502787}
{'epoch': 5, 'loss': 0.010509159579773301, 'val_loss': 0.34589946826454254, 'val_f1': 0.8356010089209219}
=== Results ========================================
>>> Selected Hyperparameters
{'batch_size': 16, 'learning_rate': 5e-05}
>>> Model Finetuning
{'epoch': 1, 'loss': 0.17740043943215694, 'val_loss': 0.23759782218507358, 'val_f1': 0.8275851235619003}
{'epoch': 2, 'loss': 0.09064261234099312, 'val_loss': 0.2449898733092206, 'val_f1': 0.8359849106117763}
{'epoch': 3, 'loss': 0.03964657734447558, 'val_loss': 0.3226920990672495, 'val_f1': 0.8376894617496121}
{'epoch': 4, 'loss': 0.015340730299275102, 'val_loss': 0.3441126098457192, 'val_f1': 0.8466276528553303}
{'epoch': 5, 'loss': 0.009986524665561904, 'val_loss': 0.483864484505362, 'val_f1': 0.8268398268398269}
{'epoch': 6, 'loss': 0.006933392453356646, 'val_loss': 0.48723583383834923, 'val_f1': 0.832177412449696}
{'epoch': 7, 'loss': 0.00558608642895706, 'val_loss': 0.4704934780851805, 'val_f1': 0.8504273504273504}
{'epoch': 8, 'loss': 0.004887703524686263, 'val_loss': 0.4959909402046053, 'val_f1': 0.8393235130116555}
{'epoch': 9, 'loss': 0.0046952625995410405, 'val_loss': 0.48979128621618395, 'val_f1': 0.8466224062753347}
{'epoch': 10, 'loss': 0.004517987933234378, 'val_loss': 0.493073157618554, 'val_f1': 0.8453927025355596}
Best Model Results
{'f1': 0.8504273504273504, 'loss': 0.4704934780851805}
Saving model and tokenizer at models/hatebr-hate/bertimbau-base
>>> Results on Test Dataset
{'f1': 0.8627912186379928, 'loss': 0.44241361713901695}
Ending Time: Tue Mar 17 22:04:55 -03 2026
