Using the latest cached version of the module from /home/lovelace/proj/proj877/gmello/.cache/huggingface/modules/evaluate_modules/metrics/evaluate-metric--mse/da2cea4856169707526b9109169d115d8940568f3f63cb29fd82c37d7b02fe58 (last modified on Wed Dec 17 20:20:13 2025) since it couldn't be found locally at evaluate-metric--mse, or remotely on the Hugging Face Hub.
Using the latest cached version of the module from /home/lovelace/proj/proj877/gmello/.cache/huggingface/modules/evaluate_modules/metrics/evaluate-metric--pearsonr/8d6b0a22f3566acb3393787cce4044e72430074b8298c1bf0adddb6710a60e09 (last modified on Wed Dec 17 20:20:12 2025) since it couldn't be found locally at evaluate-metric--pearsonr, or remotely on the Hugging Face Hub.
Using the latest cached version of the dataset since nilc-nlp/assin couldn't be found on the Hugging Face Hub (offline mode is enabled).
Found the latest cached dataset configuration 'full' at /home/lovelace/proj/proj877/gmello/.cache/huggingface/datasets/nilc-nlp___assin/full/0.0.0/6535e48351178e07ade013b05b69f0e35cb28bbb (last modified on Fri Feb  6 07:58:33 2026).
Map:   0%|          | 0/5000 [00:00<?, ? examples/s]Map:  40%|████      | 2000/5000 [00:00<00:00, 16226.87 examples/s]Map:  80%|████████  | 4000/5000 [00:00<00:00, 17198.51 examples/s]Map: 100%|██████████| 5000/5000 [00:00<00:00, 16774.51 examples/s]
Map:   0%|          | 0/4000 [00:00<?, ? examples/s]Map:  50%|█████     | 2000/4000 [00:00<00:00, 18984.81 examples/s]Map: 100%|██████████| 4000/4000 [00:00<00:00, 18523.38 examples/s]Map: 100%|██████████| 4000/4000 [00:00<00:00, 18229.33 examples/s]
Map:   0%|          | 0/1000 [00:00<?, ? examples/s]Map: 100%|██████████| 1000/1000 [00:00<00:00, 16985.05 examples/s]
[I 2026-02-06 19:56:46,437] A new study created in memory with name: no-name-617363c5-7a51-4bfb-a968-c92b65f98787
Some weights of DebertaV2ForSequenceClassification were not initialized from the model checkpoint at PORTULAN/albertina-900m-portuguese-ptbr-encoder and are newly initialized: ['classifier.bias', 'classifier.weight', 'pooler.dense.bias', 'pooler.dense.weight']
You should probably TRAIN this model on a down-stream task to be able to use it for predictions and inference.
  0%|          | 0/1565 [00:00<?, ?it/s]Epoch 1/5:   0%|          | 0/1565 [00:00<?, ?it/s]Epoch 1/5:   0%|          | 1/1565 [00:07<3:11:21,  7.34s/it]Epoch 1/5:   0%|          | 2/1565 [00:08<1:32:45,  3.56s/it]Epoch 1/5:   0%|          | 3/1565 [00:09<1:03:22,  2.43s/it]Epoch 1/5:   0%|          | 4/1565 [00:09<44:36,  1.71s/it]  Epoch 1/5:   0%|          | 5/1565 [00:11<38:53,  1.50s/it][W 2026-02-06 19:57:08,992] Trial 0 failed with parameters: {'learning_rate': 0.0001, 'batch_size': 16} because of the following error: RuntimeError('NVML_SUCCESS == r INTERNAL ASSERT FAILED at "/pytorch/c10/cuda/CUDACachingAllocator.cpp":1123, please report a bug to PyTorch. ').
Traceback (most recent call last):
  File "/home/lovelace/proj/proj877/gmello/msc_codes/finetuning/.venv/lib/python3.10/site-packages/optuna/study/_optimize.py", line 201, in _run_trial
    value_or_values = func(trial)
  File "/home/lovelace/proj/proj877/gmello/msc_codes/finetuning/src/hyperparameters.py", line 77, in optuna_objective
    model = trainer.train(
  File "/home/lovelace/proj/proj877/gmello/msc_codes/finetuning/src/trainer.py", line 84, in train
    outputs = model(**batch)
  File "/home/lovelace/proj/proj877/gmello/msc_codes/finetuning/.venv/lib/python3.10/site-packages/torch/nn/modules/module.py", line 1775, in _wrapped_call_impl
    return self._call_impl(*args, **kwargs)
  File "/home/lovelace/proj/proj877/gmello/msc_codes/finetuning/.venv/lib/python3.10/site-packages/torch/nn/modules/module.py", line 1786, in _call_impl
    return forward_call(*args, **kwargs)
  File "/home/lovelace/proj/proj877/gmello/msc_codes/finetuning/.venv/lib/python3.10/site-packages/transformers/models/deberta_v2/modeling_deberta_v2.py", line 1077, in forward
    outputs = self.deberta(
  File "/home/lovelace/proj/proj877/gmello/msc_codes/finetuning/.venv/lib/python3.10/site-packages/torch/nn/modules/module.py", line 1775, in _wrapped_call_impl
    return self._call_impl(*args, **kwargs)
  File "/home/lovelace/proj/proj877/gmello/msc_codes/finetuning/.venv/lib/python3.10/site-packages/torch/nn/modules/module.py", line 1786, in _call_impl
    return forward_call(*args, **kwargs)
  File "/home/lovelace/proj/proj877/gmello/msc_codes/finetuning/.venv/lib/python3.10/site-packages/transformers/models/deberta_v2/modeling_deberta_v2.py", line 784, in forward
    encoder_outputs = self.encoder(
  File "/home/lovelace/proj/proj877/gmello/msc_codes/finetuning/.venv/lib/python3.10/site-packages/torch/nn/modules/module.py", line 1775, in _wrapped_call_impl
    return self._call_impl(*args, **kwargs)
  File "/home/lovelace/proj/proj877/gmello/msc_codes/finetuning/.venv/lib/python3.10/site-packages/torch/nn/modules/module.py", line 1786, in _call_impl
    return forward_call(*args, **kwargs)
  File "/home/lovelace/proj/proj877/gmello/msc_codes/finetuning/.venv/lib/python3.10/site-packages/transformers/models/deberta_v2/modeling_deberta_v2.py", line 657, in forward
    output_states, attn_weights = layer_module(
  File "/home/lovelace/proj/proj877/gmello/msc_codes/finetuning/.venv/lib/python3.10/site-packages/transformers/modeling_layers.py", line 94, in __call__
    return super().__call__(*args, **kwargs)
  File "/home/lovelace/proj/proj877/gmello/msc_codes/finetuning/.venv/lib/python3.10/site-packages/torch/nn/modules/module.py", line 1775, in _wrapped_call_impl
    return self._call_impl(*args, **kwargs)
  File "/home/lovelace/proj/proj877/gmello/msc_codes/finetuning/.venv/lib/python3.10/site-packages/torch/nn/modules/module.py", line 1786, in _call_impl
    return forward_call(*args, **kwargs)
  File "/home/lovelace/proj/proj877/gmello/msc_codes/finetuning/.venv/lib/python3.10/site-packages/transformers/models/deberta_v2/modeling_deberta_v2.py", line 444, in forward
    intermediate_output = self.intermediate(attention_output)
  File "/home/lovelace/proj/proj877/gmello/msc_codes/finetuning/.venv/lib/python3.10/site-packages/torch/nn/modules/module.py", line 1775, in _wrapped_call_impl
    return self._call_impl(*args, **kwargs)
  File "/home/lovelace/proj/proj877/gmello/msc_codes/finetuning/.venv/lib/python3.10/site-packages/torch/nn/modules/module.py", line 1786, in _call_impl
    return forward_call(*args, **kwargs)
  File "/home/lovelace/proj/proj877/gmello/msc_codes/finetuning/.venv/lib/python3.10/site-packages/transformers/models/deberta_v2/modeling_deberta_v2.py", line 398, in forward
    hidden_states = self.dense(hidden_states)
  File "/home/lovelace/proj/proj877/gmello/msc_codes/finetuning/.venv/lib/python3.10/site-packages/torch/nn/modules/module.py", line 1775, in _wrapped_call_impl
    return self._call_impl(*args, **kwargs)
  File "/home/lovelace/proj/proj877/gmello/msc_codes/finetuning/.venv/lib/python3.10/site-packages/torch/nn/modules/module.py", line 1786, in _call_impl
    return forward_call(*args, **kwargs)
  File "/home/lovelace/proj/proj877/gmello/msc_codes/finetuning/.venv/lib/python3.10/site-packages/torch/nn/modules/linear.py", line 134, in forward
    return F.linear(input, self.weight, self.bias)
RuntimeError: NVML_SUCCESS == r INTERNAL ASSERT FAILED at "/pytorch/c10/cuda/CUDACachingAllocator.cpp":1123, please report a bug to PyTorch. 
[W 2026-02-06 19:57:09,089] Trial 0 failed with value None.
Traceback (most recent call last):
  File "/home/lovelace/proj/proj877/gmello/msc_codes/finetuning/main.py", line 151, in <module>
    run(
  File "/home/lovelace/proj/proj877/gmello/msc_codes/finetuning/main.py", line 106, in run
    hparams = hyperparameters.search(
  File "/home/lovelace/proj/proj877/gmello/msc_codes/finetuning/src/hyperparameters.py", line 108, in search
    study.optimize(
  File "/home/lovelace/proj/proj877/gmello/msc_codes/finetuning/.venv/lib/python3.10/site-packages/optuna/study/study.py", line 490, in optimize
    _optimize(
  File "/home/lovelace/proj/proj877/gmello/msc_codes/finetuning/.venv/lib/python3.10/site-packages/optuna/study/_optimize.py", line 63, in _optimize
    _optimize_sequential(
  File "/home/lovelace/proj/proj877/gmello/msc_codes/finetuning/.venv/lib/python3.10/site-packages/optuna/study/_optimize.py", line 160, in _optimize_sequential
    frozen_trial_id = _run_trial(study, func, catch)
  File "/home/lovelace/proj/proj877/gmello/msc_codes/finetuning/.venv/lib/python3.10/site-packages/optuna/study/_optimize.py", line 258, in _run_trial
    raise func_err
  File "/home/lovelace/proj/proj877/gmello/msc_codes/finetuning/.venv/lib/python3.10/site-packages/optuna/study/_optimize.py", line 201, in _run_trial
    value_or_values = func(trial)
  File "/home/lovelace/proj/proj877/gmello/msc_codes/finetuning/src/hyperparameters.py", line 77, in optuna_objective
    model = trainer.train(
  File "/home/lovelace/proj/proj877/gmello/msc_codes/finetuning/src/trainer.py", line 84, in train
    outputs = model(**batch)
  File "/home/lovelace/proj/proj877/gmello/msc_codes/finetuning/.venv/lib/python3.10/site-packages/torch/nn/modules/module.py", line 1775, in _wrapped_call_impl
    return self._call_impl(*args, **kwargs)
  File "/home/lovelace/proj/proj877/gmello/msc_codes/finetuning/.venv/lib/python3.10/site-packages/torch/nn/modules/module.py", line 1786, in _call_impl
    return forward_call(*args, **kwargs)
  File "/home/lovelace/proj/proj877/gmello/msc_codes/finetuning/.venv/lib/python3.10/site-packages/transformers/models/deberta_v2/modeling_deberta_v2.py", line 1077, in forward
    outputs = self.deberta(
  File "/home/lovelace/proj/proj877/gmello/msc_codes/finetuning/.venv/lib/python3.10/site-packages/torch/nn/modules/module.py", line 1775, in _wrapped_call_impl
    return self._call_impl(*args, **kwargs)
  File "/home/lovelace/proj/proj877/gmello/msc_codes/finetuning/.venv/lib/python3.10/site-packages/torch/nn/modules/module.py", line 1786, in _call_impl
    return forward_call(*args, **kwargs)
  File "/home/lovelace/proj/proj877/gmello/msc_codes/finetuning/.venv/lib/python3.10/site-packages/transformers/models/deberta_v2/modeling_deberta_v2.py", line 784, in forward
    encoder_outputs = self.encoder(
  File "/home/lovelace/proj/proj877/gmello/msc_codes/finetuning/.venv/lib/python3.10/site-packages/torch/nn/modules/module.py", line 1775, in _wrapped_call_impl
    return self._call_impl(*args, **kwargs)
  File "/home/lovelace/proj/proj877/gmello/msc_codes/finetuning/.venv/lib/python3.10/site-packages/torch/nn/modules/module.py", line 1786, in _call_impl
    return forward_call(*args, **kwargs)
  File "/home/lovelace/proj/proj877/gmello/msc_codes/finetuning/.venv/lib/python3.10/site-packages/transformers/models/deberta_v2/modeling_deberta_v2.py", line 657, in forward
    output_states, attn_weights = layer_module(
  File "/home/lovelace/proj/proj877/gmello/msc_codes/finetuning/.venv/lib/python3.10/site-packages/transformers/modeling_layers.py", line 94, in __call__
    return super().__call__(*args, **kwargs)
  File "/home/lovelace/proj/proj877/gmello/msc_codes/finetuning/.venv/lib/python3.10/site-packages/torch/nn/modules/module.py", line 1775, in _wrapped_call_impl
    return self._call_impl(*args, **kwargs)
  File "/home/lovelace/proj/proj877/gmello/msc_codes/finetuning/.venv/lib/python3.10/site-packages/torch/nn/modules/module.py", line 1786, in _call_impl
    return forward_call(*args, **kwargs)
  File "/home/lovelace/proj/proj877/gmello/msc_codes/finetuning/.venv/lib/python3.10/site-packages/transformers/models/deberta_v2/modeling_deberta_v2.py", line 444, in forward
    intermediate_output = self.intermediate(attention_output)
  File "/home/lovelace/proj/proj877/gmello/msc_codes/finetuning/.venv/lib/python3.10/site-packages/torch/nn/modules/module.py", line 1775, in _wrapped_call_impl
    return self._call_impl(*args, **kwargs)
  File "/home/lovelace/proj/proj877/gmello/msc_codes/finetuning/.venv/lib/python3.10/site-packages/torch/nn/modules/module.py", line 1786, in _call_impl
    return forward_call(*args, **kwargs)
  File "/home/lovelace/proj/proj877/gmello/msc_codes/finetuning/.venv/lib/python3.10/site-packages/transformers/models/deberta_v2/modeling_deberta_v2.py", line 398, in forward
    hidden_states = self.dense(hidden_states)
  File "/home/lovelace/proj/proj877/gmello/msc_codes/finetuning/.venv/lib/python3.10/site-packages/torch/nn/modules/module.py", line 1775, in _wrapped_call_impl
    return self._call_impl(*args, **kwargs)
  File "/home/lovelace/proj/proj877/gmello/msc_codes/finetuning/.venv/lib/python3.10/site-packages/torch/nn/modules/module.py", line 1786, in _call_impl
    return forward_call(*args, **kwargs)
  File "/home/lovelace/proj/proj877/gmello/msc_codes/finetuning/.venv/lib/python3.10/site-packages/torch/nn/modules/linear.py", line 134, in forward
    return F.linear(input, self.weight, self.bias)
RuntimeError: NVML_SUCCESS == r INTERNAL ASSERT FAILED at "/pytorch/c10/cuda/CUDACachingAllocator.cpp":1123, please report a bug to PyTorch. 
Epoch 1/5:   0%|          | 5/1565 [00:12<1:03:52,  2.46s/it]
